<?xml version="1.0" encoding="UTF-8"?>
<coverage generated="1613671009982" clover="4.4.1">
   <project timestamp="1613671009868">
      <metrics coveredelements="16" complexity="20" loc="144" methods="12" classes="2" statements="34" packages="1" coveredconditionals="4" coveredmethods="3" elements="62" ncloc="73" files="2" conditionals="16" coveredstatements="9"/>
      <package name="main">
         <metrics coveredelements="16" complexity="20" loc="144" methods="12" classes="2" statements="34" coveredconditionals="4" coveredmethods="3" elements="62" ncloc="73" files="2" conditionals="16" coveredstatements="9"/>
         <file path="/home/hieuvd/spl_dataset_generation/InputPreparation/new_projects/4wise-BankAccountTP/mutated_projects/_MultipleBugs_.NOB_1.ID_51/variants/model_m_ca4_0027/src/Application.java" name="Application.java">
            <metrics coveredelements="0" coveredconditionals="0" complexity="3" loc="29" coveredmethods="0" methods="3" elements="5" classes="1" ncloc="13" statements="2" conditionals="0" coveredstatements="0"/>
            <class name="Application">
               <metrics coveredelements="0" coveredconditionals="0" complexity="3" coveredmethods="0" methods="3" elements="5" statements="2" conditionals="0" coveredstatements="0"/>
            </class>
            <line complexity="1" visibility="private" signature="nextDay__wrappee__BankAccount() : void" num="10" count="0" type="method"/>
            <line complexity="1" visibility="package" signature="nextDay() : void" num="17" count="0" type="method"/>
            <line num="18" count="0" type="stmt"/>
            <line num="19" count="0" type="stmt"/>
            <line complexity="1" visibility="package" signature="nextYear() : void" num="25" count="0" type="method"/>
         </file>
         <file path="/home/hieuvd/spl_dataset_generation/InputPreparation/new_projects/4wise-BankAccountTP/mutated_projects/_MultipleBugs_.NOB_1.ID_51/variants/model_m_ca4_0027/src/Account.java" name="Account.java">
            <metrics coveredelements="16" coveredconditionals="4" complexity="17" loc="115" coveredmethods="3" methods="9" elements="57" classes="1" ncloc="60" statements="32" conditionals="16" coveredstatements="9"/>
            <class name="Account">
               <metrics coveredelements="16" coveredconditionals="4" complexity="17" coveredmethods="3" methods="9" elements="57" statements="32" conditionals="16" coveredstatements="9"/>
            </class>
            <line complexity="1" visibility="package" signature="Account()" num="14" count="1" type="method"/>
            <line complexity="2" visibility="private" signature="update__wrappee__BankAccount(int) : boolean" num="20" count="1" type="method"/>
            <line num="21" count="1" type="stmt"/>
            <line num="22" count="1" type="stmt"/>
            <line falsecount="0" truecount="1" num="22" type="cond"/>
            <line num="23" count="1" type="stmt"/>
            <line num="24" count="0" type="stmt"/>
            <line num="25" count="0" type="stmt"/>
            <line complexity="4" visibility="package" signature="update(int) : boolean" num="32" count="1" type="method"/>
            <line num="33" count="1" type="stmt"/>
            <line num="34" count="1" type="stmt"/>
            <line falsecount="0" truecount="1" num="34" type="cond"/>
            <line num="35" count="1" type="stmt"/>
            <line num="36" count="1" type="stmt"/>
            <line falsecount="1" truecount="0" num="36" type="cond"/>
            <line num="37" count="0" type="stmt"/>
            <line num="39" count="1" type="stmt"/>
            <line falsecount="0" truecount="1" num="39" type="cond"/>
            <line num="40" count="1" type="stmt"/>
            <line num="41" count="0" type="stmt"/>
            <line num="42" count="0" type="stmt"/>
            <line complexity="2" visibility="private" signature="undoUpdate__wrappee__BankAccount(int) : boolean" num="48" count="0" type="method"/>
            <line num="49" count="0" type="stmt"/>
            <line num="50" count="0" type="stmt"/>
            <line falsecount="0" truecount="0" num="50" type="cond"/>
            <line num="51" count="0" type="stmt"/>
            <line num="52" count="0" type="stmt"/>
            <line num="53" count="0" type="stmt"/>
            <line complexity="4" visibility="package" signature="undoUpdate(int) : boolean" num="60" count="0" type="method"/>
            <line num="61" count="0" type="stmt"/>
            <line num="62" count="0" type="stmt"/>
            <line falsecount="0" truecount="0" num="62" type="cond"/>
            <line num="63" count="0" type="stmt"/>
            <line num="64" count="0" type="stmt"/>
            <line falsecount="0" truecount="0" num="64" type="cond"/>
            <line num="65" count="0" type="stmt"/>
            <line num="67" count="0" type="stmt"/>
            <line falsecount="0" truecount="0" num="67" type="cond"/>
            <line num="68" count="0" type="stmt"/>
            <line num="69" count="0" type="stmt"/>
            <line num="70" count="0" type="stmt"/>
            <line complexity="1" visibility="package" signature="credit(int) : boolean" num="85" count="0" type="method"/>
            <line num="86" count="0" type="stmt"/>
            <line complexity="1" visibility="package" signature="lock() : void" num="96" count="0" type="method"/>
            <line num="97" count="0" type="stmt"/>
            <line complexity="1" visibility="package" signature="unLock() : void" num="103" count="0" type="method"/>
            <line num="104" count="0" type="stmt"/>
            <line complexity="1" visibility="package" signature="isLocked() : boolean" num="110" count="0" type="method"/>
            <line num="111" count="0" type="stmt"/>
         </file>
      </package>
   </project>
   <testproject timestamp="1613671009868">
      <metrics coveredelements="0" complexity="0" loc="0" methods="0" classes="0" statements="0" packages="0" coveredconditionals="0" coveredmethods="0" elements="0" ncloc="0" files="0" conditionals="0" coveredstatements="0"/>
   </testproject>
</coverage>