<?xml version="1.0" encoding="UTF-8"?>
<coverage generated="1613407201987" clover="4.4.1">
   <project timestamp="1613407201885">
      <metrics coveredelements="6" complexity="7" loc="69" methods="5" classes="2" statements="10" packages="1" coveredconditionals="1" coveredmethods="2" elements="19" ncloc="34" files="2" conditionals="4" coveredstatements="3"/>
      <package name="main">
         <metrics coveredelements="6" complexity="7" loc="69" methods="5" classes="2" statements="10" coveredconditionals="1" coveredmethods="2" elements="19" ncloc="34" files="2" conditionals="4" coveredstatements="3"/>
         <file path="/home/hieuvd/spl_dataset_generation/InputPreparation/new_projects/4wise-BankAccountTP/mutated_projects/_MultipleBugs_.NOB_1.ID_89/variants/model_m_ca4_0001/src/Application.java" name="Application.java">
            <metrics coveredelements="0" coveredconditionals="0" complexity="2" loc="19" coveredmethods="0" methods="2" elements="2" classes="1" ncloc="8" statements="0" conditionals="0" coveredstatements="0"/>
            <class name="Application">
               <metrics coveredelements="0" coveredconditionals="0" complexity="2" coveredmethods="0" methods="2" elements="2" statements="0" conditionals="0" coveredstatements="0"/>
            </class>
            <line complexity="1" visibility="package" signature="nextDay() : void" num="9" count="0" type="method"/>
            <line complexity="1" visibility="package" signature="nextYear() : void" num="15" count="0" type="method"/>
         </file>
         <file path="/home/hieuvd/spl_dataset_generation/InputPreparation/new_projects/4wise-BankAccountTP/mutated_projects/_MultipleBugs_.NOB_1.ID_89/variants/model_m_ca4_0001/src/Account.java" name="Account.java">
            <metrics coveredelements="6" coveredconditionals="1" complexity="5" loc="50" coveredmethods="2" methods="3" elements="17" classes="1" ncloc="26" statements="10" conditionals="4" coveredstatements="3"/>
            <class name="Account">
               <metrics coveredelements="6" coveredconditionals="1" complexity="5" coveredmethods="2" methods="3" elements="17" statements="10" conditionals="4" coveredstatements="3"/>
            </class>
            <line complexity="1" visibility="package" signature="Account()" num="19" count="1" type="method"/>
            <line complexity="2" visibility="package" signature="update(int) : boolean" num="26" count="1" type="method"/>
            <line num="28" count="1" type="stmt"/>
            <line num="29" count="1" type="stmt"/>
            <line falsecount="0" truecount="1" num="29" type="cond"/>
            <line num="30" count="1" type="stmt"/>
            <line num="32" count="0" type="stmt"/>
            <line num="33" count="0" type="stmt"/>
            <line complexity="2" visibility="package" signature="undoUpdate(int) : boolean" num="39" count="0" type="method"/>
            <line num="41" count="0" type="stmt"/>
            <line num="42" count="0" type="stmt"/>
            <line falsecount="0" truecount="0" num="42" type="cond"/>
            <line num="43" count="0" type="stmt"/>
            <line num="45" count="0" type="stmt"/>
            <line num="46" count="0" type="stmt"/>
         </file>
      </package>
   </project>
   <testproject timestamp="1613407201885">
      <metrics coveredelements="0" complexity="0" loc="0" methods="0" classes="0" statements="0" packages="0" coveredconditionals="0" coveredmethods="0" elements="0" ncloc="0" files="0" conditionals="0" coveredstatements="0"/>
   </testproject>
</coverage>