<?xml version="1.0" encoding="UTF-8"?>
<coverage generated="1613404803919" clover="4.4.1">
   <project timestamp="1613404803804">
      <metrics coveredelements="15" complexity="20" loc="153" methods="12" classes="2" statements="37" packages="1" coveredconditionals="3" coveredmethods="3" elements="65" ncloc="78" files="2" conditionals="16" coveredstatements="9"/>
      <package name="main">
         <metrics coveredelements="15" complexity="20" loc="153" methods="12" classes="2" statements="37" coveredconditionals="3" coveredmethods="3" elements="65" ncloc="78" files="2" conditionals="16" coveredstatements="9"/>
         <file path="/home/hieuvd/spl_dataset_generation/InputPreparation/new_projects/4wise-BankAccountTP/mutated_projects/_MultipleBugs_.NOB_1.ID_20/variants/model_m_ca4_0005/src/Account.java" name="Account.java">
            <metrics coveredelements="15" coveredconditionals="3" complexity="15" loc="107" coveredmethods="3" methods="7" elements="53" classes="1" ncloc="56" statements="30" conditionals="16" coveredstatements="9"/>
            <class name="Account">
               <metrics coveredelements="15" coveredconditionals="3" complexity="15" coveredmethods="3" methods="7" elements="53" statements="30" conditionals="16" coveredstatements="9"/>
            </class>
            <line complexity="1" visibility="package" signature="Account()" num="15" count="1" type="method"/>
            <line complexity="2" visibility="private" signature="update__wrappee__BankAccount(int) : boolean" num="21" count="0" type="method"/>
            <line num="22" count="0" type="stmt"/>
            <line num="23" count="0" type="stmt"/>
            <line falsecount="0" truecount="0" num="23" type="cond"/>
            <line num="24" count="0" type="stmt"/>
            <line num="25" count="0" type="stmt"/>
            <line num="26" count="0" type="stmt"/>
            <line complexity="4" visibility="package" signature="update(int) : boolean" num="33" count="0" type="method"/>
            <line num="34" count="0" type="stmt"/>
            <line num="35" count="0" type="stmt"/>
            <line falsecount="0" truecount="0" num="35" type="cond"/>
            <line num="36" count="0" type="stmt"/>
            <line num="37" count="0" type="stmt"/>
            <line falsecount="0" truecount="0" num="37" type="cond"/>
            <line num="38" count="0" type="stmt"/>
            <line num="40" count="0" type="stmt"/>
            <line falsecount="0" truecount="0" num="40" type="cond"/>
            <line num="41" count="0" type="stmt"/>
            <line num="42" count="0" type="stmt"/>
            <line num="43" count="0" type="stmt"/>
            <line complexity="2" visibility="private" signature="undoUpdate__wrappee__BankAccount(int) : boolean" num="49" count="1" type="method"/>
            <line num="50" count="1" type="stmt"/>
            <line num="51" count="1" type="stmt"/>
            <line falsecount="1" truecount="0" num="51" type="cond"/>
            <line num="52" count="0" type="stmt"/>
            <line num="53" count="1" type="stmt"/>
            <line num="54" count="1" type="stmt"/>
            <line complexity="4" visibility="package" signature="undoUpdate(int) : boolean" num="61" count="1" type="method"/>
            <line num="62" count="1" type="stmt"/>
            <line num="63" count="1" type="stmt"/>
            <line falsecount="1" truecount="0" num="63" type="cond"/>
            <line num="64" count="0" type="stmt"/>
            <line num="65" count="0" type="stmt"/>
            <line falsecount="0" truecount="0" num="65" type="cond"/>
            <line num="66" count="0" type="stmt"/>
            <line num="68" count="1" type="stmt"/>
            <line falsecount="1" truecount="0" num="68" type="cond"/>
            <line num="69" count="0" type="stmt"/>
            <line num="70" count="1" type="stmt"/>
            <line num="71" count="1" type="stmt"/>
            <line complexity="1" visibility="package" signature="calculateInterest() : int" num="94" count="0" type="method"/>
            <line num="95" count="0" type="stmt"/>
            <line complexity="1" visibility="package" signature="credit(int) : boolean" num="102" count="0" type="method"/>
            <line num="103" count="0" type="stmt"/>
         </file>
         <file path="/home/hieuvd/spl_dataset_generation/InputPreparation/new_projects/4wise-BankAccountTP/mutated_projects/_MultipleBugs_.NOB_1.ID_20/variants/model_m_ca4_0005/src/Application.java" name="Application.java">
            <metrics coveredelements="0" coveredconditionals="0" complexity="5" loc="46" coveredmethods="0" methods="5" elements="12" classes="1" ncloc="22" statements="7" conditionals="0" coveredstatements="0"/>
            <class name="Application">
               <metrics coveredelements="0" coveredconditionals="0" complexity="5" coveredmethods="0" methods="5" elements="12" statements="7" conditionals="0" coveredstatements="0"/>
            </class>
            <line complexity="1" visibility="private" signature="nextDay__wrappee__BankAccount() : void" num="10" count="0" type="method"/>
            <line complexity="1" visibility="private" signature="nextDay__wrappee__DailyLimit() : void" num="17" count="0" type="method"/>
            <line num="18" count="0" type="stmt"/>
            <line num="19" count="0" type="stmt"/>
            <line complexity="1" visibility="package" signature="nextDay() : void" num="25" count="0" type="method"/>
            <line num="26" count="0" type="stmt"/>
            <line num="27" count="0" type="stmt"/>
            <line complexity="1" visibility="private" signature="nextYear__wrappee__BankAccount() : void" num="33" count="0" type="method"/>
            <line complexity="1" visibility="package" signature="nextYear() : void" num="39" count="0" type="method"/>
            <line num="40" count="0" type="stmt"/>
            <line num="41" count="0" type="stmt"/>
            <line num="42" count="0" type="stmt"/>
         </file>
      </package>
   </project>
   <testproject timestamp="1613404803804">
      <metrics coveredelements="0" complexity="0" loc="0" methods="0" classes="0" statements="0" packages="0" coveredconditionals="0" coveredmethods="0" elements="0" ncloc="0" files="0" conditionals="0" coveredstatements="0"/>
   </testproject>
</coverage>