<?xml version="1.0" encoding="UTF-8"?>
<coverage generated="1613406165978" clover="4.4.1">
   <project timestamp="1613406165863">
      <metrics coveredelements="9" complexity="11" loc="109" methods="9" classes="2" statements="17" packages="1" coveredconditionals="1" coveredmethods="3" elements="30" ncloc="49" files="2" conditionals="4" coveredstatements="5"/>
      <package name="main">
         <metrics coveredelements="9" complexity="11" loc="109" methods="9" classes="2" statements="17" coveredconditionals="1" coveredmethods="3" elements="30" ncloc="49" files="2" conditionals="4" coveredstatements="5"/>
         <file path="/home/hieuvd/spl_dataset_generation/InputPreparation/new_projects/4wise-BankAccountTP/mutated_projects/_MultipleBugs_.NOB_1.ID_68/variants/model_m_ca4_0011/src/Application.java" name="Application.java">
            <metrics coveredelements="0" coveredconditionals="0" complexity="4" loc="37" coveredmethods="0" methods="4" elements="9" classes="1" ncloc="18" statements="5" conditionals="0" coveredstatements="0"/>
            <class name="Application">
               <metrics coveredelements="0" coveredconditionals="0" complexity="4" coveredmethods="0" methods="4" elements="9" statements="5" conditionals="0" coveredstatements="0"/>
            </class>
            <line complexity="1" visibility="private" signature="nextDay__wrappee__BankAccount() : void" num="10" count="0" type="method"/>
            <line complexity="1" visibility="package" signature="nextDay() : void" num="16" count="0" type="method"/>
            <line num="17" count="0" type="stmt"/>
            <line num="18" count="0" type="stmt"/>
            <line complexity="1" visibility="private" signature="nextYear__wrappee__BankAccount() : void" num="24" count="0" type="method"/>
            <line complexity="1" visibility="package" signature="nextYear() : void" num="30" count="0" type="method"/>
            <line num="31" count="0" type="stmt"/>
            <line num="32" count="0" type="stmt"/>
            <line num="33" count="0" type="stmt"/>
         </file>
         <file path="/home/hieuvd/spl_dataset_generation/InputPreparation/new_projects/4wise-BankAccountTP/mutated_projects/_MultipleBugs_.NOB_1.ID_68/variants/model_m_ca4_0011/src/Account.java" name="Account.java">
            <metrics coveredelements="9" coveredconditionals="1" complexity="7" loc="72" coveredmethods="3" methods="5" elements="21" classes="1" ncloc="31" statements="12" conditionals="4" coveredstatements="5"/>
            <class name="Account">
               <metrics coveredelements="9" coveredconditionals="1" complexity="7" coveredmethods="3" methods="5" elements="21" statements="12" conditionals="4" coveredstatements="5"/>
            </class>
            <line complexity="1" visibility="package" signature="Account()" num="22" count="1" type="method"/>
            <line complexity="2" visibility="package" signature="update(int) : boolean" num="28" count="1" type="method"/>
            <line num="29" count="1" type="stmt"/>
            <line num="30" count="1" type="stmt"/>
            <line falsecount="1" truecount="0" num="30" type="cond"/>
            <line num="31" count="0" type="stmt"/>
            <line num="32" count="1" type="stmt"/>
            <line num="33" count="1" type="stmt"/>
            <line complexity="2" visibility="package" signature="undoUpdate(int) : boolean" num="39" count="0" type="method"/>
            <line num="40" count="0" type="stmt"/>
            <line num="41" count="0" type="stmt"/>
            <line falsecount="0" truecount="0" num="41" type="cond"/>
            <line num="42" count="0" type="stmt"/>
            <line num="43" count="0" type="stmt"/>
            <line num="44" count="0" type="stmt"/>
            <line complexity="1" visibility="package" signature="calculateInterest() : int" num="59" count="1" type="method"/>
            <line num="60" count="1" type="stmt"/>
            <line complexity="1" visibility="package" signature="credit(int) : boolean" num="66" count="0" type="method"/>
            <line num="68" count="0" type="stmt"/>
         </file>
      </package>
   </project>
   <testproject timestamp="1613406165863">
      <metrics coveredelements="0" complexity="0" loc="0" methods="0" classes="0" statements="0" packages="0" coveredconditionals="0" coveredmethods="0" elements="0" ncloc="0" files="0" conditionals="0" coveredstatements="0"/>
   </testproject>
</coverage>