<?xml version="1.0" encoding="UTF-8"?>
<coverage generated="1613413776828" clover="4.4.1">
   <project timestamp="1613413776701">
      <metrics coveredelements="7" complexity="23" loc="182" methods="15" classes="2" statements="40" packages="1" coveredconditionals="0" coveredmethods="4" elements="71" ncloc="93" files="2" conditionals="16" coveredstatements="3"/>
      <package name="main">
         <metrics coveredelements="7" complexity="23" loc="182" methods="15" classes="2" statements="40" coveredconditionals="0" coveredmethods="4" elements="71" ncloc="93" files="2" conditionals="16" coveredstatements="3"/>
         <file path="/home/hieuvd/spl_dataset_generation/InputPreparation/new_projects/4wise-BankAccountTP/mutated_projects/_MultipleBugs_.NOB_1.ID_217/variants/model_m_ca4_0026/src/Account.java" name="Account.java">
            <metrics coveredelements="1" coveredconditionals="0" complexity="18" loc="136" coveredmethods="1" methods="10" elements="59" classes="1" ncloc="71" statements="33" conditionals="16" coveredstatements="0"/>
            <class name="Account">
               <metrics coveredelements="1" coveredconditionals="0" complexity="18" coveredmethods="1" methods="10" elements="59" statements="33" conditionals="16" coveredstatements="0"/>
            </class>
            <line complexity="1" visibility="package" signature="Account()" num="15" count="2" type="method"/>
            <line complexity="2" visibility="private" signature="update__wrappee__BankAccount(int) : boolean" num="21" count="0" type="method"/>
            <line num="22" count="0" type="stmt"/>
            <line num="23" count="0" type="stmt"/>
            <line falsecount="0" truecount="0" num="23" type="cond"/>
            <line num="24" count="0" type="stmt"/>
            <line num="25" count="0" type="stmt"/>
            <line num="26" count="0" type="stmt"/>
            <line complexity="4" visibility="package" signature="update(int) : boolean" num="32" count="0" type="method"/>
            <line num="34" count="0" type="stmt"/>
            <line num="35" count="0" type="stmt"/>
            <line falsecount="0" truecount="0" num="35" type="cond"/>
            <line num="36" count="0" type="stmt"/>
            <line num="37" count="0" type="stmt"/>
            <line falsecount="0" truecount="0" num="37" type="cond"/>
            <line num="38" count="0" type="stmt"/>
            <line num="41" count="0" type="stmt"/>
            <line falsecount="0" truecount="0" num="41" type="cond"/>
            <line num="42" count="0" type="stmt"/>
            <line num="44" count="0" type="stmt"/>
            <line num="45" count="0" type="stmt"/>
            <line complexity="2" visibility="private" signature="undoUpdate__wrappee__BankAccount(int) : boolean" num="51" count="0" type="method"/>
            <line num="52" count="0" type="stmt"/>
            <line num="53" count="0" type="stmt"/>
            <line falsecount="0" truecount="0" num="53" type="cond"/>
            <line num="54" count="0" type="stmt"/>
            <line num="55" count="0" type="stmt"/>
            <line num="56" count="0" type="stmt"/>
            <line complexity="4" visibility="package" signature="undoUpdate(int) : boolean" num="62" count="0" type="method"/>
            <line num="64" count="0" type="stmt"/>
            <line num="65" count="0" type="stmt"/>
            <line falsecount="0" truecount="0" num="65" type="cond"/>
            <line num="66" count="0" type="stmt"/>
            <line num="67" count="0" type="stmt"/>
            <line falsecount="0" truecount="0" num="67" type="cond"/>
            <line num="68" count="0" type="stmt"/>
            <line num="71" count="0" type="stmt"/>
            <line falsecount="0" truecount="0" num="71" type="cond"/>
            <line num="72" count="0" type="stmt"/>
            <line num="74" count="0" type="stmt"/>
            <line num="75" count="0" type="stmt"/>
            <line complexity="1" visibility="package" signature="calculateInterest() : int" num="98" count="0" type="method"/>
            <line num="99" count="0" type="stmt"/>
            <line complexity="1" visibility="package" signature="estimatedInterest(int) : int" num="106" count="0" type="method"/>
            <line num="107" count="0" type="stmt"/>
            <line complexity="1" visibility="package" signature="lock() : void" num="117" count="0" type="method"/>
            <line num="118" count="0" type="stmt"/>
            <line complexity="1" visibility="package" signature="unLock() : void" num="124" count="0" type="method"/>
            <line num="125" count="0" type="stmt"/>
            <line complexity="1" visibility="package" signature="isLocked() : boolean" num="131" count="0" type="method"/>
            <line num="132" count="0" type="stmt"/>
         </file>
         <file path="/home/hieuvd/spl_dataset_generation/InputPreparation/new_projects/4wise-BankAccountTP/mutated_projects/_MultipleBugs_.NOB_1.ID_217/variants/model_m_ca4_0026/src/Application.java" name="Application.java">
            <metrics coveredelements="6" coveredconditionals="0" complexity="5" loc="46" coveredmethods="3" methods="5" elements="12" classes="1" ncloc="22" statements="7" conditionals="0" coveredstatements="3"/>
            <class name="Application">
               <metrics coveredelements="6" coveredconditionals="0" complexity="5" coveredmethods="3" methods="5" elements="12" statements="7" conditionals="0" coveredstatements="3"/>
            </class>
            <line complexity="1" visibility="private" signature="nextDay__wrappee__BankAccount() : void" num="10" count="1" type="method"/>
            <line complexity="1" visibility="private" signature="nextDay__wrappee__DailyLimit() : void" num="17" count="1" type="method"/>
            <line num="18" count="1" type="stmt"/>
            <line num="19" count="1" type="stmt"/>
            <line complexity="1" visibility="package" signature="nextDay() : void" num="25" count="1" type="method"/>
            <line num="26" count="1" type="stmt"/>
            <line num="27" count="0" type="stmt"/>
            <line complexity="1" visibility="private" signature="nextYear__wrappee__BankAccount() : void" num="33" count="0" type="method"/>
            <line complexity="1" visibility="package" signature="nextYear() : void" num="39" count="0" type="method"/>
            <line num="40" count="0" type="stmt"/>
            <line num="41" count="0" type="stmt"/>
            <line num="42" count="0" type="stmt"/>
         </file>
      </package>
   </project>
   <testproject timestamp="1613413776701">
      <metrics coveredelements="0" complexity="0" loc="0" methods="0" classes="0" statements="0" packages="0" coveredconditionals="0" coveredmethods="0" elements="0" ncloc="0" files="0" conditionals="0" coveredstatements="0"/>
   </testproject>
</coverage>