<?xml version="1.0" encoding="UTF-8"?>
<coverage generated="1613406129147" clover="4.4.1">
   <project timestamp="1613406128872">
      <metrics coveredelements="18" complexity="17" loc="127" methods="9" classes="2" statements="31" packages="1" coveredconditionals="4" coveredmethods="3" elements="56" ncloc="65" files="2" conditionals="16" coveredstatements="11"/>
      <package name="main">
         <metrics coveredelements="18" complexity="17" loc="127" methods="9" classes="2" statements="31" coveredconditionals="4" coveredmethods="3" elements="56" ncloc="65" files="2" conditionals="16" coveredstatements="11"/>
         <file path="/home/hieuvd/spl_dataset_generation/InputPreparation/new_projects/4wise-BankAccountTP/mutated_projects/_MultipleBugs_.NOB_1.ID_68/variants/model_m_ca4_0009/src/Account.java" name="Account.java">
            <metrics coveredelements="18" coveredconditionals="4" complexity="14" loc="98" coveredmethods="3" methods="6" elements="51" classes="1" ncloc="52" statements="29" conditionals="16" coveredstatements="11"/>
            <class name="Account">
               <metrics coveredelements="18" coveredconditionals="4" complexity="14" coveredmethods="3" methods="6" elements="51" statements="29" conditionals="16" coveredstatements="11"/>
            </class>
            <line complexity="1" visibility="package" signature="Account()" num="22" count="1" type="method"/>
            <line complexity="2" visibility="private" signature="update__wrappee__BankAccount(int) : boolean" num="28" count="1" type="method"/>
            <line num="29" count="1" type="stmt"/>
            <line num="30" count="1" type="stmt"/>
            <line falsecount="1" truecount="0" num="30" type="cond"/>
            <line num="31" count="0" type="stmt"/>
            <line num="32" count="1" type="stmt"/>
            <line num="33" count="1" type="stmt"/>
            <line complexity="4" visibility="package" signature="update(int) : boolean" num="40" count="1" type="method"/>
            <line num="41" count="1" type="stmt"/>
            <line num="42" count="1" type="stmt"/>
            <line falsecount="0" truecount="1" num="42" type="cond"/>
            <line num="43" count="1" type="stmt"/>
            <line num="44" count="1" type="stmt"/>
            <line falsecount="1" truecount="0" num="44" type="cond"/>
            <line num="45" count="0" type="stmt"/>
            <line num="47" count="1" type="stmt"/>
            <line falsecount="1" truecount="0" num="47" type="cond"/>
            <line num="48" count="0" type="stmt"/>
            <line num="49" count="1" type="stmt"/>
            <line num="50" count="1" type="stmt"/>
            <line complexity="2" visibility="private" signature="undoUpdate__wrappee__BankAccount(int) : boolean" num="56" count="0" type="method"/>
            <line num="57" count="0" type="stmt"/>
            <line num="58" count="0" type="stmt"/>
            <line falsecount="0" truecount="0" num="58" type="cond"/>
            <line num="59" count="0" type="stmt"/>
            <line num="60" count="0" type="stmt"/>
            <line num="61" count="0" type="stmt"/>
            <line complexity="4" visibility="package" signature="undoUpdate(int) : boolean" num="68" count="0" type="method"/>
            <line num="69" count="0" type="stmt"/>
            <line num="70" count="0" type="stmt"/>
            <line falsecount="0" truecount="0" num="70" type="cond"/>
            <line num="71" count="0" type="stmt"/>
            <line num="72" count="0" type="stmt"/>
            <line falsecount="0" truecount="0" num="72" type="cond"/>
            <line num="73" count="0" type="stmt"/>
            <line num="75" count="0" type="stmt"/>
            <line falsecount="0" truecount="0" num="75" type="cond"/>
            <line num="76" count="0" type="stmt"/>
            <line num="77" count="0" type="stmt"/>
            <line num="78" count="0" type="stmt"/>
            <line complexity="1" visibility="package" signature="credit(int) : boolean" num="92" count="0" type="method"/>
            <line num="94" count="0" type="stmt"/>
         </file>
         <file path="/home/hieuvd/spl_dataset_generation/InputPreparation/new_projects/4wise-BankAccountTP/mutated_projects/_MultipleBugs_.NOB_1.ID_68/variants/model_m_ca4_0009/src/Application.java" name="Application.java">
            <metrics coveredelements="0" coveredconditionals="0" complexity="3" loc="29" coveredmethods="0" methods="3" elements="5" classes="1" ncloc="13" statements="2" conditionals="0" coveredstatements="0"/>
            <class name="Application">
               <metrics coveredelements="0" coveredconditionals="0" complexity="3" coveredmethods="0" methods="3" elements="5" statements="2" conditionals="0" coveredstatements="0"/>
            </class>
            <line complexity="1" visibility="private" signature="nextDay__wrappee__BankAccount() : void" num="10" count="0" type="method"/>
            <line complexity="1" visibility="package" signature="nextDay() : void" num="17" count="0" type="method"/>
            <line num="18" count="0" type="stmt"/>
            <line num="19" count="0" type="stmt"/>
            <line complexity="1" visibility="package" signature="nextYear() : void" num="25" count="0" type="method"/>
         </file>
      </package>
   </project>
   <testproject timestamp="1613406128872">
      <metrics coveredelements="0" complexity="0" loc="0" methods="0" classes="0" statements="0" packages="0" coveredconditionals="0" coveredmethods="0" elements="0" ncloc="0" files="0" conditionals="0" coveredstatements="0"/>
   </testproject>
</coverage>