<?xml version="1.0" encoding="UTF-8"?>
<coverage generated="1613405615116" clover="4.4.1">
   <project timestamp="1613405614929">
      <metrics coveredelements="7" complexity="10" loc="92" methods="8" classes="2" statements="13" packages="1" coveredconditionals="1" coveredmethods="2" elements="25" ncloc="42" files="2" conditionals="4" coveredstatements="4"/>
      <package name="main">
         <metrics coveredelements="7" complexity="10" loc="92" methods="8" classes="2" statements="13" coveredconditionals="1" coveredmethods="2" elements="25" ncloc="42" files="2" conditionals="4" coveredstatements="4"/>
         <file path="/home/hieuvd/spl_dataset_generation/InputPreparation/new_projects/4wise-BankAccountTP/mutated_projects/_MultipleBugs_.NOB_1.ID_58/variants/model_m_ca4_0012/src/Application.java" name="Application.java">
            <metrics coveredelements="0" coveredconditionals="0" complexity="2" loc="19" coveredmethods="0" methods="2" elements="2" classes="1" ncloc="8" statements="0" conditionals="0" coveredstatements="0"/>
            <class name="Application">
               <metrics coveredelements="0" coveredconditionals="0" complexity="2" coveredmethods="0" methods="2" elements="2" statements="0" conditionals="0" coveredstatements="0"/>
            </class>
            <line complexity="1" visibility="package" signature="nextDay() : void" num="9" count="0" type="method"/>
            <line complexity="1" visibility="package" signature="nextYear() : void" num="15" count="0" type="method"/>
         </file>
         <file path="/home/hieuvd/spl_dataset_generation/InputPreparation/new_projects/4wise-BankAccountTP/mutated_projects/_MultipleBugs_.NOB_1.ID_58/variants/model_m_ca4_0012/src/Account.java" name="Account.java">
            <metrics coveredelements="7" coveredconditionals="1" complexity="8" loc="73" coveredmethods="2" methods="6" elements="23" classes="1" ncloc="34" statements="13" conditionals="4" coveredstatements="4"/>
            <class name="Account">
               <metrics coveredelements="7" coveredconditionals="1" complexity="8" coveredmethods="2" methods="6" elements="23" statements="13" conditionals="4" coveredstatements="4"/>
            </class>
            <line complexity="1" visibility="package" signature="Account()" num="19" count="1" type="method"/>
            <line complexity="2" visibility="package" signature="update(int) : boolean" num="25" count="0" type="method"/>
            <line num="26" count="0" type="stmt"/>
            <line num="27" count="0" type="stmt"/>
            <line falsecount="0" truecount="0" num="27" type="cond"/>
            <line num="28" count="0" type="stmt"/>
            <line num="29" count="0" type="stmt"/>
            <line num="30" count="0" type="stmt"/>
            <line complexity="2" visibility="package" signature="undoUpdate(int) : boolean" num="36" count="1" type="method"/>
            <line num="37" count="1" type="stmt"/>
            <line num="38" count="1" type="stmt"/>
            <line falsecount="1" truecount="0" num="38" type="cond"/>
            <line num="39" count="0" type="stmt"/>
            <line num="40" count="1" type="stmt"/>
            <line num="41" count="1" type="stmt"/>
            <line complexity="1" visibility="package" signature="lock() : void" num="51" count="0" type="method"/>
            <line num="53" count="0" type="stmt"/>
            <line complexity="1" visibility="package" signature="unLock() : void" num="59" count="0" type="method"/>
            <line num="61" count="0" type="stmt"/>
            <line complexity="1" visibility="package" signature="isLocked() : boolean" num="67" count="0" type="method"/>
            <line num="69" count="0" type="stmt"/>
         </file>
      </package>
   </project>
   <testproject timestamp="1613405614929">
      <metrics coveredelements="0" complexity="0" loc="0" methods="0" classes="0" statements="0" packages="0" coveredconditionals="0" coveredmethods="0" elements="0" ncloc="0" files="0" conditionals="0" coveredstatements="0"/>
   </testproject>
</coverage>