<?xml version="1.0" encoding="UTF-8"?>
<coverage generated="1613408456894" clover="4.4.1">
 <tests count="4">
  <test source="main.Account_ESTest.test3.coverage.xml" />
  <test source="main.Account_ESTest.test1.coverage.xml" />
  <test source="main.Application_ESTest.test1.coverage.xml" />
  <test source="main.Application_ESTest.test0.coverage.xml" />
 </tests> 
 <project timestamp="1613408456793">  
  <package name="main">  
   <file path="Application.java" name="Application">   
    <line num="9" count="1" type="method" featureClass="BankAccount.Application" featureLineNum="5" /> 
    <line num="15" count="1" type="method" featureClass="BankAccount.Application" featureLineNum="8" /> 
   </file> 
   <file path="Account.java" name="Account">   
    <line num="15" count="4" type="method" featureClass="BankAccount.Account" featureLineNum="14" /> 
    <line num="22" count="2" type="method" featureClass="BankAccount.Account" featureLineNum="18" /> 
    <line num="24" count="2" type="stmt" featureClass="BankAccount.Account" featureLineNum="20" /> 
    <line num="25" count="2" type="stmt" featureClass="BankAccount.Account" featureLineNum="21" />  
    <line num="26" count="1" type="stmt" featureClass="BankAccount.Account" featureLineNum="22" /> 
    <line num="28" count="2" type="stmt" featureClass="BankAccount.Account" featureLineNum="24" /> 
    <line num="29" count="2" type="stmt" featureClass="BankAccount.Account" featureLineNum="25" /> 
    <line num="35" count="1" type="method" featureClass="BankAccount.Account" featureLineNum="28" /> 
    <line num="37" count="1" type="stmt" featureClass="BankAccount.Account" featureLineNum="30" /> 
    <line num="38" count="1" type="stmt" featureClass="BankAccount.Account" featureLineNum="31" buggy="true" />  
    <line num="39" count="1" type="stmt" featureClass="BankAccount.Account" featureLineNum="32" /> 
    <line num="41" count="0" type="stmt" featureClass="BankAccount.Account" featureLineNum="34" /> 
    <line num="42" count="0" type="stmt" featureClass="BankAccount.Account" featureLineNum="35" /> 
   </file> 
  </package> 
 </project> 
 <testproject timestamp="1613408456793">  
 </testproject> 
</coverage>