<?xml version="1.0" encoding="UTF-8"?>
<coverage generated="1613414897460" clover="4.4.1">
   <project timestamp="1613414897358">
      <metrics coveredelements="3" complexity="20" loc="149" methods="12" classes="2" statements="34" packages="1" coveredconditionals="0" coveredmethods="2" elements="62" ncloc="79" files="2" conditionals="16" coveredstatements="1"/>
      <package name="main">
         <metrics coveredelements="3" complexity="20" loc="149" methods="12" classes="2" statements="34" coveredconditionals="0" coveredmethods="2" elements="62" ncloc="79" files="2" conditionals="16" coveredstatements="1"/>
         <file path="/home/hieuvd/spl_dataset_generation/InputPreparation/new_projects/4wise-BankAccountTP/mutated_projects/_MultipleBugs_.NOB_1.ID_237/variants/model_m_ca4_0019/src/Account.java" name="Account.java">
            <metrics coveredelements="3" coveredconditionals="0" complexity="17" loc="120" coveredmethods="2" methods="9" elements="57" classes="1" ncloc="66" statements="32" conditionals="16" coveredstatements="1"/>
            <class name="Account">
               <metrics coveredelements="3" coveredconditionals="0" complexity="17" coveredmethods="2" methods="9" elements="57" statements="32" conditionals="16" coveredstatements="1"/>
            </class>
            <line complexity="1" visibility="package" signature="Account()" num="15" count="1" type="method"/>
            <line complexity="2" visibility="private" signature="update__wrappee__BankAccount(int) : boolean" num="21" count="0" type="method"/>
            <line num="22" count="0" type="stmt"/>
            <line num="23" count="0" type="stmt"/>
            <line falsecount="0" truecount="0" num="23" type="cond"/>
            <line num="24" count="0" type="stmt"/>
            <line num="25" count="0" type="stmt"/>
            <line num="26" count="0" type="stmt"/>
            <line complexity="4" visibility="package" signature="update(int) : boolean" num="32" count="0" type="method"/>
            <line num="34" count="0" type="stmt"/>
            <line num="35" count="0" type="stmt"/>
            <line falsecount="0" truecount="0" num="35" type="cond"/>
            <line num="36" count="0" type="stmt"/>
            <line num="37" count="0" type="stmt"/>
            <line falsecount="0" truecount="0" num="37" type="cond"/>
            <line num="38" count="0" type="stmt"/>
            <line num="41" count="0" type="stmt"/>
            <line falsecount="0" truecount="0" num="41" type="cond"/>
            <line num="42" count="0" type="stmt"/>
            <line num="44" count="0" type="stmt"/>
            <line num="45" count="0" type="stmt"/>
            <line complexity="2" visibility="private" signature="undoUpdate__wrappee__BankAccount(int) : boolean" num="51" count="0" type="method"/>
            <line num="52" count="0" type="stmt"/>
            <line num="53" count="0" type="stmt"/>
            <line falsecount="0" truecount="0" num="53" type="cond"/>
            <line num="54" count="0" type="stmt"/>
            <line num="55" count="0" type="stmt"/>
            <line num="56" count="0" type="stmt"/>
            <line complexity="4" visibility="package" signature="undoUpdate(int) : boolean" num="62" count="0" type="method"/>
            <line num="64" count="0" type="stmt"/>
            <line num="65" count="0" type="stmt"/>
            <line falsecount="0" truecount="0" num="65" type="cond"/>
            <line num="66" count="0" type="stmt"/>
            <line num="67" count="0" type="stmt"/>
            <line falsecount="0" truecount="0" num="67" type="cond"/>
            <line num="68" count="0" type="stmt"/>
            <line num="71" count="0" type="stmt"/>
            <line falsecount="0" truecount="0" num="71" type="cond"/>
            <line num="72" count="0" type="stmt"/>
            <line num="74" count="0" type="stmt"/>
            <line num="75" count="0" type="stmt"/>
            <line complexity="1" visibility="package" signature="credit(int) : boolean" num="90" count="0" type="method"/>
            <line num="91" count="0" type="stmt"/>
            <line complexity="1" visibility="package" signature="lock() : void" num="101" count="0" type="method"/>
            <line num="102" count="0" type="stmt"/>
            <line complexity="1" visibility="package" signature="unLock() : void" num="108" count="0" type="method"/>
            <line num="109" count="0" type="stmt"/>
            <line complexity="1" visibility="package" signature="isLocked() : boolean" num="115" count="1" type="method"/>
            <line num="116" count="1" type="stmt"/>
         </file>
         <file path="/home/hieuvd/spl_dataset_generation/InputPreparation/new_projects/4wise-BankAccountTP/mutated_projects/_MultipleBugs_.NOB_1.ID_237/variants/model_m_ca4_0019/src/Application.java" name="Application.java">
            <metrics coveredelements="0" coveredconditionals="0" complexity="3" loc="29" coveredmethods="0" methods="3" elements="5" classes="1" ncloc="13" statements="2" conditionals="0" coveredstatements="0"/>
            <class name="Application">
               <metrics coveredelements="0" coveredconditionals="0" complexity="3" coveredmethods="0" methods="3" elements="5" statements="2" conditionals="0" coveredstatements="0"/>
            </class>
            <line complexity="1" visibility="private" signature="nextDay__wrappee__BankAccount() : void" num="10" count="0" type="method"/>
            <line complexity="1" visibility="package" signature="nextDay() : void" num="17" count="0" type="method"/>
            <line num="18" count="0" type="stmt"/>
            <line num="19" count="0" type="stmt"/>
            <line complexity="1" visibility="package" signature="nextYear() : void" num="25" count="0" type="method"/>
         </file>
      </package>
   </project>
   <testproject timestamp="1613414897358">
      <metrics coveredelements="0" complexity="0" loc="0" methods="0" classes="0" statements="0" packages="0" coveredconditionals="0" coveredmethods="0" elements="0" ncloc="0" files="0" conditionals="0" coveredstatements="0"/>
   </testproject>
</coverage>