<?xml version="1.0" encoding="UTF-8"?>
<coverage generated="1613406056199" clover="4.4.1">
   <project timestamp="1613406056097">
      <metrics coveredelements="9" complexity="20" loc="160" methods="12" classes="2" statements="37" packages="1" coveredconditionals="2" coveredmethods="2" elements="65" ncloc="79" files="2" conditionals="16" coveredstatements="5"/>
      <package name="main">
         <metrics coveredelements="9" complexity="20" loc="160" methods="12" classes="2" statements="37" coveredconditionals="2" coveredmethods="2" elements="65" ncloc="79" files="2" conditionals="16" coveredstatements="5"/>
         <file path="/home/hieuvd/spl_dataset_generation/InputPreparation/new_projects/4wise-BankAccountTP/mutated_projects/_MultipleBugs_.NOB_1.ID_68/variants/model_m_ca4_0005/src/Account.java" name="Account.java">
            <metrics coveredelements="9" coveredconditionals="2" complexity="15" loc="114" coveredmethods="2" methods="7" elements="53" classes="1" ncloc="57" statements="30" conditionals="16" coveredstatements="5"/>
            <class name="Account">
               <metrics coveredelements="9" coveredconditionals="2" complexity="15" coveredmethods="2" methods="7" elements="53" statements="30" conditionals="16" coveredstatements="5"/>
            </class>
            <line complexity="1" visibility="package" signature="Account()" num="22" count="1" type="method"/>
            <line complexity="2" visibility="private" signature="update__wrappee__BankAccount(int) : boolean" num="28" count="0" type="method"/>
            <line num="29" count="0" type="stmt"/>
            <line num="30" count="0" type="stmt"/>
            <line falsecount="0" truecount="0" num="30" type="cond"/>
            <line num="31" count="0" type="stmt"/>
            <line num="32" count="0" type="stmt"/>
            <line num="33" count="0" type="stmt"/>
            <line complexity="4" visibility="package" signature="update(int) : boolean" num="40" count="1" type="method"/>
            <line num="41" count="1" type="stmt"/>
            <line num="42" count="1" type="stmt"/>
            <line falsecount="0" truecount="1" num="42" type="cond"/>
            <line num="43" count="1" type="stmt"/>
            <line num="44" count="1" type="stmt"/>
            <line falsecount="0" truecount="1" num="44" type="cond"/>
            <line num="45" count="1" type="stmt"/>
            <line num="47" count="0" type="stmt"/>
            <line falsecount="0" truecount="0" num="47" type="cond"/>
            <line num="48" count="0" type="stmt"/>
            <line num="49" count="0" type="stmt"/>
            <line num="50" count="0" type="stmt"/>
            <line complexity="2" visibility="private" signature="undoUpdate__wrappee__BankAccount(int) : boolean" num="56" count="0" type="method"/>
            <line num="57" count="0" type="stmt"/>
            <line num="58" count="0" type="stmt"/>
            <line falsecount="0" truecount="0" num="58" type="cond"/>
            <line num="59" count="0" type="stmt"/>
            <line num="60" count="0" type="stmt"/>
            <line num="61" count="0" type="stmt"/>
            <line complexity="4" visibility="package" signature="undoUpdate(int) : boolean" num="68" count="0" type="method"/>
            <line num="69" count="0" type="stmt"/>
            <line num="70" count="0" type="stmt"/>
            <line falsecount="0" truecount="0" num="70" type="cond"/>
            <line num="71" count="0" type="stmt"/>
            <line num="72" count="0" type="stmt"/>
            <line falsecount="0" truecount="0" num="72" type="cond"/>
            <line num="73" count="0" type="stmt"/>
            <line num="75" count="0" type="stmt"/>
            <line falsecount="0" truecount="0" num="75" type="cond"/>
            <line num="76" count="0" type="stmt"/>
            <line num="77" count="0" type="stmt"/>
            <line num="78" count="0" type="stmt"/>
            <line complexity="1" visibility="package" signature="calculateInterest() : int" num="101" count="0" type="method"/>
            <line num="102" count="0" type="stmt"/>
            <line complexity="1" visibility="package" signature="credit(int) : boolean" num="108" count="0" type="method"/>
            <line num="110" count="0" type="stmt"/>
         </file>
         <file path="/home/hieuvd/spl_dataset_generation/InputPreparation/new_projects/4wise-BankAccountTP/mutated_projects/_MultipleBugs_.NOB_1.ID_68/variants/model_m_ca4_0005/src/Application.java" name="Application.java">
            <metrics coveredelements="0" coveredconditionals="0" complexity="5" loc="46" coveredmethods="0" methods="5" elements="12" classes="1" ncloc="22" statements="7" conditionals="0" coveredstatements="0"/>
            <class name="Application">
               <metrics coveredelements="0" coveredconditionals="0" complexity="5" coveredmethods="0" methods="5" elements="12" statements="7" conditionals="0" coveredstatements="0"/>
            </class>
            <line complexity="1" visibility="private" signature="nextDay__wrappee__BankAccount() : void" num="10" count="0" type="method"/>
            <line complexity="1" visibility="private" signature="nextDay__wrappee__DailyLimit() : void" num="17" count="0" type="method"/>
            <line num="18" count="0" type="stmt"/>
            <line num="19" count="0" type="stmt"/>
            <line complexity="1" visibility="package" signature="nextDay() : void" num="25" count="0" type="method"/>
            <line num="26" count="0" type="stmt"/>
            <line num="27" count="0" type="stmt"/>
            <line complexity="1" visibility="private" signature="nextYear__wrappee__BankAccount() : void" num="33" count="0" type="method"/>
            <line complexity="1" visibility="package" signature="nextYear() : void" num="39" count="0" type="method"/>
            <line num="40" count="0" type="stmt"/>
            <line num="41" count="0" type="stmt"/>
            <line num="42" count="0" type="stmt"/>
         </file>
      </package>
   </project>
   <testproject timestamp="1613406056097">
      <metrics coveredelements="0" complexity="0" loc="0" methods="0" classes="0" statements="0" packages="0" coveredconditionals="0" coveredmethods="0" elements="0" ncloc="0" files="0" conditionals="0" coveredstatements="0"/>
   </testproject>
</coverage>