<?xml version="1.0" encoding="UTF-8"?>
<coverage generated="1613406483143" clover="4.4.1">
   <project timestamp="1613406483042">
      <metrics coveredelements="5" complexity="21" loc="167" methods="13" classes="2" statements="38" packages="1" coveredconditionals="0" coveredmethods="3" elements="67" ncloc="82" files="2" conditionals="16" coveredstatements="2"/>
      <package name="main">
         <metrics coveredelements="5" complexity="21" loc="167" methods="13" classes="2" statements="38" coveredconditionals="0" coveredmethods="3" elements="67" ncloc="82" files="2" conditionals="16" coveredstatements="2"/>
         <file path="/home/hieuvd/spl_dataset_generation/InputPreparation/new_projects/4wise-BankAccountTP/mutated_projects/_MultipleBugs_.NOB_1.ID_70/variants/model_m_ca4_0025/src/Account.java" name="Account.java">
            <metrics coveredelements="1" coveredconditionals="0" complexity="16" loc="121" coveredmethods="1" methods="8" elements="55" classes="1" ncloc="60" statements="31" conditionals="16" coveredstatements="0"/>
            <class name="Account">
               <metrics coveredelements="1" coveredconditionals="0" complexity="16" coveredmethods="1" methods="8" elements="55" statements="31" conditionals="16" coveredstatements="0"/>
            </class>
            <line complexity="1" visibility="package" signature="Account()" num="21" count="2" type="method"/>
            <line complexity="2" visibility="private" signature="update__wrappee__BankAccount(int) : boolean" num="27" count="0" type="method"/>
            <line num="28" count="0" type="stmt"/>
            <line num="29" count="0" type="stmt"/>
            <line falsecount="0" truecount="0" num="29" type="cond"/>
            <line num="30" count="0" type="stmt"/>
            <line num="31" count="0" type="stmt"/>
            <line num="32" count="0" type="stmt"/>
            <line complexity="4" visibility="package" signature="update(int) : boolean" num="39" count="0" type="method"/>
            <line num="40" count="0" type="stmt"/>
            <line num="41" count="0" type="stmt"/>
            <line falsecount="0" truecount="0" num="41" type="cond"/>
            <line num="42" count="0" type="stmt"/>
            <line num="43" count="0" type="stmt"/>
            <line falsecount="0" truecount="0" num="43" type="cond"/>
            <line num="44" count="0" type="stmt"/>
            <line num="46" count="0" type="stmt"/>
            <line falsecount="0" truecount="0" num="46" type="cond"/>
            <line num="47" count="0" type="stmt"/>
            <line num="48" count="0" type="stmt"/>
            <line num="49" count="0" type="stmt"/>
            <line complexity="2" visibility="private" signature="undoUpdate__wrappee__BankAccount(int) : boolean" num="55" count="0" type="method"/>
            <line num="56" count="0" type="stmt"/>
            <line num="57" count="0" type="stmt"/>
            <line falsecount="0" truecount="0" num="57" type="cond"/>
            <line num="58" count="0" type="stmt"/>
            <line num="59" count="0" type="stmt"/>
            <line num="60" count="0" type="stmt"/>
            <line complexity="4" visibility="package" signature="undoUpdate(int) : boolean" num="67" count="0" type="method"/>
            <line num="68" count="0" type="stmt"/>
            <line num="69" count="0" type="stmt"/>
            <line falsecount="0" truecount="0" num="69" type="cond"/>
            <line num="70" count="0" type="stmt"/>
            <line num="71" count="0" type="stmt"/>
            <line falsecount="0" truecount="0" num="71" type="cond"/>
            <line num="72" count="0" type="stmt"/>
            <line num="74" count="0" type="stmt"/>
            <line falsecount="0" truecount="0" num="74" type="cond"/>
            <line num="75" count="0" type="stmt"/>
            <line num="76" count="0" type="stmt"/>
            <line num="77" count="0" type="stmt"/>
            <line complexity="1" visibility="package" signature="calculateInterest() : int" num="100" count="0" type="method"/>
            <line num="101" count="0" type="stmt"/>
            <line complexity="1" visibility="package" signature="estimatedInterest(int) : int" num="108" count="0" type="method"/>
            <line num="109" count="0" type="stmt"/>
            <line complexity="1" visibility="package" signature="credit(int) : boolean" num="115" count="0" type="method"/>
            <line num="117" count="0" type="stmt"/>
         </file>
         <file path="/home/hieuvd/spl_dataset_generation/InputPreparation/new_projects/4wise-BankAccountTP/mutated_projects/_MultipleBugs_.NOB_1.ID_70/variants/model_m_ca4_0025/src/Application.java" name="Application.java">
            <metrics coveredelements="4" coveredconditionals="0" complexity="5" loc="46" coveredmethods="2" methods="5" elements="12" classes="1" ncloc="22" statements="7" conditionals="0" coveredstatements="2"/>
            <class name="Application">
               <metrics coveredelements="4" coveredconditionals="0" complexity="5" coveredmethods="2" methods="5" elements="12" statements="7" conditionals="0" coveredstatements="2"/>
            </class>
            <line complexity="1" visibility="private" signature="nextDay__wrappee__BankAccount() : void" num="10" count="0" type="method"/>
            <line complexity="1" visibility="private" signature="nextDay__wrappee__DailyLimit() : void" num="17" count="0" type="method"/>
            <line num="18" count="0" type="stmt"/>
            <line num="19" count="0" type="stmt"/>
            <line complexity="1" visibility="package" signature="nextDay() : void" num="25" count="0" type="method"/>
            <line num="26" count="0" type="stmt"/>
            <line num="27" count="0" type="stmt"/>
            <line complexity="1" visibility="private" signature="nextYear__wrappee__BankAccount() : void" num="33" count="1" type="method"/>
            <line complexity="1" visibility="package" signature="nextYear() : void" num="39" count="1" type="method"/>
            <line num="40" count="1" type="stmt"/>
            <line num="41" count="1" type="stmt"/>
            <line num="42" count="0" type="stmt"/>
         </file>
      </package>
   </project>
   <testproject timestamp="1613406483042">
      <metrics coveredelements="0" complexity="0" loc="0" methods="0" classes="0" statements="0" packages="0" coveredconditionals="0" coveredmethods="0" elements="0" ncloc="0" files="0" conditionals="0" coveredstatements="0"/>
   </testproject>
</coverage>