<?xml version="1.0" encoding="UTF-8"?>
<coverage generated="1613406301785" clover="4.4.1">
   <project timestamp="1613406301667">
      <metrics coveredelements="13" complexity="11" loc="108" methods="9" classes="2" statements="17" packages="1" coveredconditionals="2" coveredmethods="3" elements="30" ncloc="49" files="2" conditionals="4" coveredstatements="8"/>
      <package name="main">
         <metrics coveredelements="13" complexity="11" loc="108" methods="9" classes="2" statements="17" coveredconditionals="2" coveredmethods="3" elements="30" ncloc="49" files="2" conditionals="4" coveredstatements="8"/>
         <file path="/home/hieuvd/spl_dataset_generation/InputPreparation/new_projects/4wise-BankAccountTP/mutated_projects/_MultipleBugs_.NOB_1.ID_59/variants/model_m_ca4_0021/src/Account.java" name="Account.java">
            <metrics coveredelements="13" coveredconditionals="2" complexity="7" loc="71" coveredmethods="3" methods="5" elements="21" classes="1" ncloc="31" statements="12" conditionals="4" coveredstatements="8"/>
            <class name="Account">
               <metrics coveredelements="13" coveredconditionals="2" complexity="7" coveredmethods="3" methods="5" elements="21" statements="12" conditionals="4" coveredstatements="8"/>
            </class>
            <line complexity="1" visibility="package" signature="Account()" num="21" count="1" type="method"/>
            <line complexity="2" visibility="package" signature="update(int) : boolean" num="27" count="1" type="method"/>
            <line num="28" count="1" type="stmt"/>
            <line num="29" count="1" type="stmt"/>
            <line falsecount="1" truecount="0" num="29" type="cond"/>
            <line num="30" count="0" type="stmt"/>
            <line num="31" count="1" type="stmt"/>
            <line num="32" count="1" type="stmt"/>
            <line complexity="2" visibility="package" signature="undoUpdate(int) : boolean" num="38" count="1" type="method"/>
            <line num="39" count="1" type="stmt"/>
            <line num="40" count="1" type="stmt"/>
            <line falsecount="1" truecount="0" num="40" type="cond"/>
            <line num="41" count="0" type="stmt"/>
            <line num="42" count="1" type="stmt"/>
            <line num="43" count="1" type="stmt"/>
            <line complexity="1" visibility="package" signature="calculateInterest() : int" num="58" count="0" type="method"/>
            <line num="59" count="0" type="stmt"/>
            <line complexity="1" visibility="package" signature="estimatedInterest(int) : int" num="65" count="0" type="method"/>
            <line num="67" count="0" type="stmt"/>
         </file>
         <file path="/home/hieuvd/spl_dataset_generation/InputPreparation/new_projects/4wise-BankAccountTP/mutated_projects/_MultipleBugs_.NOB_1.ID_59/variants/model_m_ca4_0021/src/Application.java" name="Application.java">
            <metrics coveredelements="0" coveredconditionals="0" complexity="4" loc="37" coveredmethods="0" methods="4" elements="9" classes="1" ncloc="18" statements="5" conditionals="0" coveredstatements="0"/>
            <class name="Application">
               <metrics coveredelements="0" coveredconditionals="0" complexity="4" coveredmethods="0" methods="4" elements="9" statements="5" conditionals="0" coveredstatements="0"/>
            </class>
            <line complexity="1" visibility="private" signature="nextDay__wrappee__BankAccount() : void" num="10" count="0" type="method"/>
            <line complexity="1" visibility="package" signature="nextDay() : void" num="16" count="0" type="method"/>
            <line num="17" count="0" type="stmt"/>
            <line num="18" count="0" type="stmt"/>
            <line complexity="1" visibility="private" signature="nextYear__wrappee__BankAccount() : void" num="24" count="0" type="method"/>
            <line complexity="1" visibility="package" signature="nextYear() : void" num="30" count="0" type="method"/>
            <line num="31" count="0" type="stmt"/>
            <line num="32" count="0" type="stmt"/>
            <line num="33" count="0" type="stmt"/>
         </file>
      </package>
   </project>
   <testproject timestamp="1613406301667">
      <metrics coveredelements="0" complexity="0" loc="0" methods="0" classes="0" statements="0" packages="0" coveredconditionals="0" coveredmethods="0" elements="0" ncloc="0" files="0" conditionals="0" coveredstatements="0"/>
   </testproject>
</coverage>