<?xml version="1.0" encoding="UTF-8"?>
<coverage generated="1613404921294" clover="4.4.1">
 <tests count="11">
  <test source="main.Application_ESTest.test1.coverage.xml" />
  <test source="main.Account_ESTest.test3.coverage.xml" />
  <test source="main.Application_ESTest.test0.coverage.xml" />
  <test source="main.Account_ESTest.test0.coverage.xml" />
  <test source="main.Account_ESTest.test1.coverage.xml" />
  <test source="main.Application_ESTest.test3.coverage.xml" />
  <test source="main.Account_ESTest.test6.coverage.xml" />
  <test source="main.Account_ESTest.test5.coverage.xml" />
  <test source="main.Application_ESTest.test2.coverage.xml" />
  <test source="main.Account_ESTest.test4.coverage.xml" />
  <test source="main.Account_ESTest.test2.coverage.xml" />
 </tests> 
 <project timestamp="1613404921178">  
  <package name="main">  
   <file path="Account.java" name="Account">   
    <line num="14" count="11" type="method" featureClass="BankAccount.Account" featureLineNum="7" /> 
    <line num="20" count="3" type="method" featureClass="BankAccount.Account" featureLineNum="10" /> 
    <line num="21" count="3" type="stmt" featureClass="BankAccount.Account" featureLineNum="11" /> 
    <line num="22" count="3" type="stmt" featureClass="BankAccount.Account" featureLineNum="12" />  
    <line num="23" count="1" type="stmt" featureClass="BankAccount.Account" featureLineNum="13" /> 
    <line num="24" count="2" type="stmt" featureClass="BankAccount.Account" featureLineNum="14" /> 
    <line num="25" count="2" type="stmt" featureClass="BankAccount.Account" featureLineNum="15" /> 
    <line num="31" count="3" type="method" featureClass="BankAccount.Account" featureLineNum="18" /> 
    <line num="32" count="3" type="stmt" featureClass="BankAccount.Account" featureLineNum="19" /> 
    <line num="33" count="3" type="stmt" featureClass="BankAccount.Account" featureLineNum="20" />  
    <line num="34" count="1" type="stmt" featureClass="BankAccount.Account" featureLineNum="21" /> 
    <line num="35" count="2" type="stmt" featureClass="BankAccount.Account" featureLineNum="22" /> 
    <line num="36" count="2" type="stmt" featureClass="BankAccount.Account" featureLineNum="23" /> 
    <line num="51" count="4" type="method" featureClass="Interest.Account" featureLineNum="9" /> 
    <line num="52" count="4" type="stmt" featureClass="Interest.Account" featureLineNum="10" /> 
   </file> 
   <file path="Application.java" name="Application">   
    <line num="10" count="2" type="method" featureClass="BankAccount.Application" featureLineNum="5" /> 
    <line num="16" count="2" type="method" featureClass="Interest.Application" featureLineNum="4" /> 
    <line num="17" count="2" type="stmt" featureClass="Interest.Application" featureLineNum="5" /> 
    <line num="18" count="2" type="stmt" featureClass="Interest.Application" featureLineNum="6" /> 
    <line num="24" count="2" type="method" featureClass="BankAccount.Application" featureLineNum="8" /> 
    <line num="30" count="2" type="method" featureClass="Interest.Application" featureLineNum="9" /> 
    <line num="31" count="2" type="stmt" featureClass="Interest.Application" featureLineNum="10" /> 
    <line num="32" count="2" type="stmt" featureClass="Interest.Application" featureLineNum="11" /> 
    <line num="33" count="1" type="stmt" featureClass="Interest.Application" featureLineNum="12" /> 
   </file> 
  </package> 
 </project> 
 <testproject timestamp="1613404921178">  
 </testproject> 
</coverage>