<?xml version="1.0" encoding="UTF-8"?>
<coverage generated="1613410028865" clover="4.4.1">
   <project timestamp="1613410028691">
      <metrics coveredelements="11" complexity="22" loc="164" methods="14" classes="3" statements="40" packages="1" coveredconditionals="1" coveredmethods="4" elements="70" ncloc="86" files="3" conditionals="16" coveredstatements="6"/>
      <package name="main">
         <metrics coveredelements="11" complexity="22" loc="164" methods="14" classes="3" statements="40" coveredconditionals="1" coveredmethods="4" elements="70" ncloc="86" files="3" conditionals="16" coveredstatements="6"/>
         <file path="/home/hieuvd/spl_dataset_generation/InputPreparation/new_projects/4wise-BankAccountTP/mutated_projects/_MultipleBugs_.NOB_1.ID_163/variants/model_m_ca4_0010/src/Transaction.java" name="Transaction.java">
            <metrics coveredelements="0" coveredconditionals="0" complexity="8" loc="38" coveredmethods="0" methods="2" elements="34" classes="1" ncloc="29" statements="20" conditionals="12" coveredstatements="0"/>
            <class name="Transaction">
               <metrics coveredelements="0" coveredconditionals="0" complexity="8" coveredmethods="0" methods="2" elements="34" statements="20" conditionals="12" coveredstatements="0"/>
            </class>
            <line complexity="5" visibility="public" signature="transfer(Account,Account,int) : boolean" num="6" count="0" type="method"/>
            <line num="7" count="0" type="stmt"/>
            <line num="7" count="0" type="stmt"/>
            <line falsecount="0" truecount="0" num="7" type="cond"/>
            <line num="8" count="0" type="stmt"/>
            <line num="9" count="0" type="stmt"/>
            <line falsecount="0" truecount="0" num="9" type="cond"/>
            <line num="10" count="0" type="stmt"/>
            <line num="12" count="0" type="stmt"/>
            <line falsecount="0" truecount="0" num="12" type="cond"/>
            <line num="13" count="0" type="stmt"/>
            <line num="15" count="0" type="stmt"/>
            <line falsecount="0" truecount="0" num="15" type="cond"/>
            <line num="16" count="0" type="stmt"/>
            <line num="17" count="0" type="stmt"/>
            <line num="19" count="0" type="stmt"/>
            <line num="21" count="0" type="stmt"/>
            <line num="22" count="0" type="stmt"/>
            <line complexity="3" visibility="private" signature="lock(Account,Account) : boolean" num="29" count="0" type="method"/>
            <line num="30" count="0" type="stmt"/>
            <line num="30" count="0" type="stmt"/>
            <line falsecount="0" truecount="0" num="30" type="cond"/>
            <line num="31" count="0" type="stmt"/>
            <line num="31" count="0" type="stmt"/>
            <line falsecount="0" truecount="0" num="31" type="cond"/>
            <line num="32" count="0" type="stmt"/>
            <line num="33" count="0" type="stmt"/>
            <line num="34" count="0" type="stmt"/>
         </file>
         <file path="/home/hieuvd/spl_dataset_generation/InputPreparation/new_projects/4wise-BankAccountTP/mutated_projects/_MultipleBugs_.NOB_1.ID_163/variants/model_m_ca4_0010/src/Application.java" name="Application.java">
            <metrics coveredelements="0" coveredconditionals="0" complexity="4" loc="37" coveredmethods="0" methods="4" elements="9" classes="1" ncloc="18" statements="5" conditionals="0" coveredstatements="0"/>
            <class name="Application">
               <metrics coveredelements="0" coveredconditionals="0" complexity="4" coveredmethods="0" methods="4" elements="9" statements="5" conditionals="0" coveredstatements="0"/>
            </class>
            <line complexity="1" visibility="private" signature="nextDay__wrappee__BankAccount() : void" num="10" count="0" type="method"/>
            <line complexity="1" visibility="package" signature="nextDay() : void" num="16" count="0" type="method"/>
            <line num="17" count="0" type="stmt"/>
            <line num="18" count="0" type="stmt"/>
            <line complexity="1" visibility="private" signature="nextYear__wrappee__BankAccount() : void" num="24" count="0" type="method"/>
            <line complexity="1" visibility="package" signature="nextYear() : void" num="30" count="0" type="method"/>
            <line num="31" count="0" type="stmt"/>
            <line num="32" count="0" type="stmt"/>
            <line num="33" count="0" type="stmt"/>
         </file>
         <file path="/home/hieuvd/spl_dataset_generation/InputPreparation/new_projects/4wise-BankAccountTP/mutated_projects/_MultipleBugs_.NOB_1.ID_163/variants/model_m_ca4_0010/src/Account.java" name="Account.java">
            <metrics coveredelements="11" coveredconditionals="1" complexity="10" loc="89" coveredmethods="4" methods="8" elements="27" classes="1" ncloc="39" statements="15" conditionals="4" coveredstatements="6"/>
            <class name="Account">
               <metrics coveredelements="11" coveredconditionals="1" complexity="10" coveredmethods="4" methods="8" elements="27" statements="15" conditionals="4" coveredstatements="6"/>
            </class>
            <line complexity="1" visibility="package" signature="Account()" num="14" count="1" type="method"/>
            <line complexity="2" visibility="package" signature="update(int) : boolean" num="20" count="1" type="method"/>
            <line num="21" count="1" type="stmt"/>
            <line num="22" count="1" type="stmt"/>
            <line falsecount="1" truecount="0" num="22" type="cond"/>
            <line num="23" count="0" type="stmt"/>
            <line num="24" count="1" type="stmt"/>
            <line num="25" count="1" type="stmt"/>
            <line complexity="2" visibility="package" signature="undoUpdate(int) : boolean" num="31" count="0" type="method"/>
            <line num="32" count="0" type="stmt"/>
            <line num="33" count="0" type="stmt"/>
            <line falsecount="0" truecount="0" num="33" type="cond"/>
            <line num="34" count="0" type="stmt"/>
            <line num="35" count="0" type="stmt"/>
            <line num="36" count="0" type="stmt"/>
            <line complexity="1" visibility="package" signature="calculateInterest() : int" num="51" count="1" type="method"/>
            <line num="52" count="1" type="stmt"/>
            <line complexity="1" visibility="package" signature="estimatedInterest(int) : int" num="59" count="1" type="method"/>
            <line num="60" count="1" type="stmt"/>
            <line complexity="1" visibility="package" signature="lock() : void" num="70" count="0" type="method"/>
            <line num="71" count="0" type="stmt"/>
            <line complexity="1" visibility="package" signature="unLock() : void" num="77" count="0" type="method"/>
            <line num="78" count="0" type="stmt"/>
            <line complexity="1" visibility="package" signature="isLocked() : boolean" num="84" count="0" type="method"/>
            <line num="85" count="0" type="stmt"/>
         </file>
      </package>
   </project>
   <testproject timestamp="1613410028691">
      <metrics coveredelements="0" complexity="0" loc="0" methods="0" classes="0" statements="0" packages="0" coveredconditionals="0" coveredmethods="0" elements="0" ncloc="0" files="0" conditionals="0" coveredstatements="0"/>
   </testproject>
</coverage>