<?xml version="1.0" encoding="UTF-8"?>
<coverage generated="1613405855394" clover="4.4.1">
   <project timestamp="1613405855279">
      <metrics coveredelements="7" complexity="15" loc="134" methods="13" classes="2" statements="21" packages="1" coveredconditionals="1" coveredmethods="2" elements="38" ncloc="60" files="2" conditionals="4" coveredstatements="4"/>
      <package name="main">
         <metrics coveredelements="7" complexity="15" loc="134" methods="13" classes="2" statements="21" coveredconditionals="1" coveredmethods="2" elements="38" ncloc="60" files="2" conditionals="4" coveredstatements="4"/>
         <file path="/home/hieuvd/spl_dataset_generation/InputPreparation/new_projects/4wise-BankAccountTP/mutated_projects/_MultipleBugs_.NOB_1.ID_24/variants/model_m_ca4_0029/src/Application.java" name="Application.java">
            <metrics coveredelements="0" coveredconditionals="0" complexity="4" loc="37" coveredmethods="0" methods="4" elements="9" classes="1" ncloc="18" statements="5" conditionals="0" coveredstatements="0"/>
            <class name="Application">
               <metrics coveredelements="0" coveredconditionals="0" complexity="4" coveredmethods="0" methods="4" elements="9" statements="5" conditionals="0" coveredstatements="0"/>
            </class>
            <line complexity="1" visibility="private" signature="nextDay__wrappee__BankAccount() : void" num="10" count="0" type="method"/>
            <line complexity="1" visibility="package" signature="nextDay() : void" num="16" count="0" type="method"/>
            <line num="17" count="0" type="stmt"/>
            <line num="18" count="0" type="stmt"/>
            <line complexity="1" visibility="private" signature="nextYear__wrappee__BankAccount() : void" num="24" count="0" type="method"/>
            <line complexity="1" visibility="package" signature="nextYear() : void" num="30" count="0" type="method"/>
            <line num="31" count="0" type="stmt"/>
            <line num="32" count="0" type="stmt"/>
            <line num="33" count="0" type="stmt"/>
         </file>
         <file path="/home/hieuvd/spl_dataset_generation/InputPreparation/new_projects/4wise-BankAccountTP/mutated_projects/_MultipleBugs_.NOB_1.ID_24/variants/model_m_ca4_0029/src/Account.java" name="Account.java">
            <metrics coveredelements="7" coveredconditionals="1" complexity="11" loc="97" coveredmethods="2" methods="9" elements="29" classes="1" ncloc="42" statements="16" conditionals="4" coveredstatements="4"/>
            <class name="Account">
               <metrics coveredelements="7" coveredconditionals="1" complexity="11" coveredmethods="2" methods="9" elements="29" statements="16" conditionals="4" coveredstatements="4"/>
            </class>
            <line complexity="1" visibility="package" signature="Account()" num="14" count="1" type="method"/>
            <line complexity="2" visibility="package" signature="update(int) : boolean" num="20" count="1" type="method"/>
            <line num="21" count="1" type="stmt"/>
            <line num="22" count="1" type="stmt"/>
            <line falsecount="1" truecount="0" num="22" type="cond"/>
            <line num="23" count="0" type="stmt"/>
            <line num="24" count="1" type="stmt"/>
            <line num="25" count="1" type="stmt"/>
            <line complexity="2" visibility="package" signature="undoUpdate(int) : boolean" num="31" count="0" type="method"/>
            <line num="32" count="0" type="stmt"/>
            <line num="33" count="0" type="stmt"/>
            <line falsecount="0" truecount="0" num="33" type="cond"/>
            <line num="34" count="0" type="stmt"/>
            <line num="35" count="0" type="stmt"/>
            <line num="36" count="0" type="stmt"/>
            <line complexity="1" visibility="package" signature="calculateInterest() : int" num="51" count="0" type="method"/>
            <line num="52" count="0" type="stmt"/>
            <line complexity="1" visibility="package" signature="estimatedInterest(int) : int" num="59" count="0" type="method"/>
            <line num="60" count="0" type="stmt"/>
            <line complexity="1" visibility="package" signature="credit(int) : boolean" num="67" count="0" type="method"/>
            <line num="68" count="0" type="stmt"/>
            <line complexity="1" visibility="package" signature="lock() : void" num="78" count="0" type="method"/>
            <line num="79" count="0" type="stmt"/>
            <line complexity="1" visibility="package" signature="unLock() : void" num="85" count="0" type="method"/>
            <line num="86" count="0" type="stmt"/>
            <line complexity="1" visibility="package" signature="isLocked() : boolean" num="92" count="0" type="method"/>
            <line num="93" count="0" type="stmt"/>
         </file>
      </package>
   </project>
   <testproject timestamp="1613405855279">
      <metrics coveredelements="0" complexity="0" loc="0" methods="0" classes="0" statements="0" packages="0" coveredconditionals="0" coveredmethods="0" elements="0" ncloc="0" files="0" conditionals="0" coveredstatements="0"/>
   </testproject>
</coverage>