<?xml version="1.0" encoding="UTF-8"?>
<coverage generated="1613405729524" clover="4.4.1">
 <tests count="17">
  <test source="main.Account_ESTest.test15.coverage.xml" />
  <test source="main.Account_ESTest.test01.coverage.xml" />
  <test source="main.Account_ESTest.test12.coverage.xml" />
  <test source="main.Account_ESTest.test06.coverage.xml" />
  <test source="main.Account_ESTest.test02.coverage.xml" />
  <test source="main.Application_ESTest.test0.coverage.xml" />
  <test source="main.Account_ESTest.test10.coverage.xml" />
  <test source="main.Application_ESTest.test1.coverage.xml" />
  <test source="main.Account_ESTest.test00.coverage.xml" />
  <test source="main.Account_ESTest.test04.coverage.xml" />
  <test source="main.Account_ESTest.test11.coverage.xml" />
  <test source="main.Account_ESTest.test08.coverage.xml" />
  <test source="main.Account_ESTest.test09.coverage.xml" />
  <test source="main.Account_ESTest.test03.coverage.xml" />
  <test source="main.Account_ESTest.test07.coverage.xml" />
  <test source="main.Application_ESTest.test2.coverage.xml" />
  <test source="main.Account_ESTest.test05.coverage.xml" />
 </tests> 
 <project timestamp="1613405729421">  
  <package name="main">  
   <file path="Account.java" name="Account">   
    <line num="19" count="17" type="method" featureClass="BankAccount.Account" featureLineNum="7" /> 
    <line num="25" count="4" type="method" featureClass="BankAccount.Account" featureLineNum="10" /> 
    <line num="26" count="4" type="stmt" featureClass="BankAccount.Account" featureLineNum="11" /> 
    <line num="27" count="4" type="stmt" featureClass="BankAccount.Account" featureLineNum="12" />  
    <line num="28" count="1" type="stmt" featureClass="BankAccount.Account" featureLineNum="13" /> 
    <line num="29" count="3" type="stmt" featureClass="BankAccount.Account" featureLineNum="14" /> 
    <line num="30" count="3" type="stmt" featureClass="BankAccount.Account" featureLineNum="15" /> 
    <line num="37" count="5" type="method" featureClass="DailyLimit.Account" featureLineNum="9" /> 
    <line num="38" count="5" type="stmt" featureClass="DailyLimit.Account" featureLineNum="10" /> 
    <line num="39" count="5" type="stmt" featureClass="DailyLimit.Account" featureLineNum="11" />  
    <line num="40" count="3" type="stmt" featureClass="DailyLimit.Account" featureLineNum="12" /> 
    <line num="41" count="3" type="stmt" featureClass="DailyLimit.Account" featureLineNum="13" />  
    <line num="42" count="1" type="stmt" featureClass="DailyLimit.Account" featureLineNum="14" /> 
    <line num="44" count="4" type="stmt" featureClass="DailyLimit.Account" featureLineNum="16" />  
    <line num="45" count="1" type="stmt" featureClass="DailyLimit.Account" featureLineNum="17" /> 
    <line num="46" count="3" type="stmt" featureClass="DailyLimit.Account" featureLineNum="18" /> 
    <line num="47" count="3" type="stmt" featureClass="DailyLimit.Account" featureLineNum="19" /> 
    <line num="53" count="4" type="method" featureClass="BankAccount.Account" featureLineNum="18" /> 
    <line num="54" count="4" type="stmt" featureClass="BankAccount.Account" featureLineNum="19" /> 
    <line num="55" count="4" type="stmt" featureClass="BankAccount.Account" featureLineNum="20" />  
    <line num="56" count="1" type="stmt" featureClass="BankAccount.Account" featureLineNum="21" /> 
    <line num="57" count="3" type="stmt" featureClass="BankAccount.Account" featureLineNum="22" /> 
    <line num="58" count="3" type="stmt" featureClass="BankAccount.Account" featureLineNum="23" /> 
    <line num="65" count="5" type="method" featureClass="DailyLimit.Account" featureLineNum="23" /> 
    <line num="66" count="5" type="stmt" featureClass="DailyLimit.Account" featureLineNum="24" /> 
    <line num="67" count="5" type="stmt" featureClass="DailyLimit.Account" featureLineNum="25" />  
    <line num="68" count="3" type="stmt" featureClass="DailyLimit.Account" featureLineNum="26" /> 
    <line num="69" count="3" type="stmt" featureClass="DailyLimit.Account" featureLineNum="27" />  
    <line num="70" count="1" type="stmt" featureClass="DailyLimit.Account" featureLineNum="28" /> 
    <line num="72" count="4" type="stmt" featureClass="DailyLimit.Account" featureLineNum="30" />  
    <line num="73" count="1" type="stmt" featureClass="DailyLimit.Account" featureLineNum="31" /> 
    <line num="74" count="3" type="stmt" featureClass="DailyLimit.Account" featureLineNum="32" /> 
    <line num="75" count="3" type="stmt" featureClass="DailyLimit.Account" featureLineNum="33" /> 
    <line num="90" count="3" type="method" featureClass="CreditWorthiness.Account" featureLineNum="5" /> 
    <line num="91" count="3" type="stmt" featureClass="CreditWorthiness.Account" featureLineNum="6" /> 
    <line num="101" count="0" type="method" featureClass="Lock.Account" featureLineNum="12" /> 
    <line num="103" count="0" type="stmt" featureClass="Lock.Account" featureLineNum="14" /> 
    <line num="109" count="1" type="method" featureClass="Lock.Account" featureLineNum="17" /> 
    <line num="111" count="1" type="stmt" featureClass="Lock.Account" featureLineNum="19" /> 
    <line num="117" count="0" type="method" featureClass="Lock.Account" featureLineNum="22" /> 
    <line num="119" count="0" type="stmt" featureClass="Lock.Account" featureLineNum="24" buggy="true" /> 
   </file> 
   <file path="Application.java" name="Application">   
    <line num="10" count="2" type="method" featureClass="BankAccount.Application" featureLineNum="5" /> 
    <line num="17" count="2" type="method" featureClass="DailyLimit.Application" featureLineNum="5" /> 
    <line num="18" count="2" type="stmt" featureClass="DailyLimit.Application" featureLineNum="6" /> 
    <line num="19" count="2" type="stmt" featureClass="DailyLimit.Application" featureLineNum="7" /> 
    <line num="25" count="1" type="method" featureClass="BankAccount.Application" featureLineNum="8" /> 
   </file> 
  </package> 
 </project> 
 <testproject timestamp="1613405729421">  
 </testproject> 
</coverage>