<?xml version="1.0" encoding="UTF-8"?>
<coverage generated="1613412595374" clover="4.4.1">
   <project timestamp="1613412595270">
      <metrics coveredelements="6" complexity="8" loc="67" methods="6" classes="2" statements="11" packages="1" coveredconditionals="1" coveredmethods="2" elements="21" ncloc="33" files="2" conditionals="4" coveredstatements="3"/>
      <package name="main">
         <metrics coveredelements="6" complexity="8" loc="67" methods="6" classes="2" statements="11" coveredconditionals="1" coveredmethods="2" elements="21" ncloc="33" files="2" conditionals="4" coveredstatements="3"/>
         <file path="/home/hieuvd/spl_dataset_generation/InputPreparation/new_projects/4wise-BankAccountTP/mutated_projects/_MultipleBugs_.NOB_1.ID_198/variants/model_m_ca4_0013/src/Application.java" name="Application.java">
            <metrics coveredelements="0" coveredconditionals="0" complexity="2" loc="19" coveredmethods="0" methods="2" elements="2" classes="1" ncloc="8" statements="0" conditionals="0" coveredstatements="0"/>
            <class name="Application">
               <metrics coveredelements="0" coveredconditionals="0" complexity="2" coveredmethods="0" methods="2" elements="2" statements="0" conditionals="0" coveredstatements="0"/>
            </class>
            <line complexity="1" visibility="package" signature="nextDay() : void" num="9" count="0" type="method"/>
            <line complexity="1" visibility="package" signature="nextYear() : void" num="15" count="0" type="method"/>
         </file>
         <file path="/home/hieuvd/spl_dataset_generation/InputPreparation/new_projects/4wise-BankAccountTP/mutated_projects/_MultipleBugs_.NOB_1.ID_198/variants/model_m_ca4_0013/src/Account.java" name="Account.java">
            <metrics coveredelements="6" coveredconditionals="1" complexity="6" loc="48" coveredmethods="2" methods="4" elements="19" classes="1" ncloc="25" statements="11" conditionals="4" coveredstatements="3"/>
            <class name="Account">
               <metrics coveredelements="6" coveredconditionals="1" complexity="6" coveredmethods="2" methods="4" elements="19" statements="11" conditionals="4" coveredstatements="3"/>
            </class>
            <line complexity="1" visibility="package" signature="Account()" num="14" count="1" type="method"/>
            <line complexity="2" visibility="package" signature="update(int) : boolean" num="20" count="1" type="method"/>
            <line num="21" count="1" type="stmt"/>
            <line num="22" count="1" type="stmt"/>
            <line falsecount="0" truecount="1" num="22" type="cond"/>
            <line num="23" count="1" type="stmt"/>
            <line num="24" count="0" type="stmt"/>
            <line num="25" count="0" type="stmt"/>
            <line complexity="2" visibility="package" signature="undoUpdate(int) : boolean" num="31" count="0" type="method"/>
            <line num="32" count="0" type="stmt"/>
            <line num="33" count="0" type="stmt"/>
            <line falsecount="0" truecount="0" num="33" type="cond"/>
            <line num="34" count="0" type="stmt"/>
            <line num="35" count="0" type="stmt"/>
            <line num="36" count="0" type="stmt"/>
            <line complexity="1" visibility="package" signature="credit(int) : boolean" num="43" count="0" type="method"/>
            <line num="44" count="0" type="stmt"/>
         </file>
      </package>
   </project>
   <testproject timestamp="1613412595270">
      <metrics coveredelements="0" complexity="0" loc="0" methods="0" classes="0" statements="0" packages="0" coveredconditionals="0" coveredmethods="0" elements="0" ncloc="0" files="0" conditionals="0" coveredstatements="0"/>
   </testproject>
</coverage>