<?xml version="1.0" encoding="UTF-8"?>
<coverage generated="1613407436073" clover="4.4.1">
   <project timestamp="1613407435966">
      <metrics coveredelements="13" complexity="27" loc="180" methods="13" classes="3" statements="53" packages="1" coveredconditionals="2" coveredmethods="5" elements="94" ncloc="104" files="3" conditionals="28" coveredstatements="6"/>
      <package name="main">
         <metrics coveredelements="13" complexity="27" loc="180" methods="13" classes="3" statements="53" coveredconditionals="2" coveredmethods="5" elements="94" ncloc="104" files="3" conditionals="28" coveredstatements="6"/>
         <file path="/home/hieuvd/spl_dataset_generation/InputPreparation/new_projects/4wise-BankAccountTP/mutated_projects/_MultipleBugs_.NOB_1.ID_112/variants/model_m_ca4_0007/src/Account.java" name="Account.java">
            <metrics coveredelements="5" coveredconditionals="0" complexity="16" loc="113" coveredmethods="3" methods="8" elements="55" classes="1" ncloc="62" statements="31" conditionals="16" coveredstatements="2"/>
            <class name="Account">
               <metrics coveredelements="5" coveredconditionals="0" complexity="16" coveredmethods="3" methods="8" elements="55" statements="31" conditionals="16" coveredstatements="2"/>
            </class>
            <line complexity="1" visibility="package" signature="Account()" num="15" count="1" type="method"/>
            <line complexity="2" visibility="private" signature="update__wrappee__BankAccount(int) : boolean" num="22" count="0" type="method"/>
            <line num="24" count="0" type="stmt"/>
            <line num="25" count="0" type="stmt"/>
            <line falsecount="0" truecount="0" num="25" type="cond"/>
            <line num="26" count="0" type="stmt"/>
            <line num="28" count="0" type="stmt"/>
            <line num="29" count="0" type="stmt"/>
            <line complexity="4" visibility="package" signature="update(int) : boolean" num="36" count="0" type="method"/>
            <line num="37" count="0" type="stmt"/>
            <line num="38" count="0" type="stmt"/>
            <line falsecount="0" truecount="0" num="38" type="cond"/>
            <line num="39" count="0" type="stmt"/>
            <line num="40" count="0" type="stmt"/>
            <line falsecount="0" truecount="0" num="40" type="cond"/>
            <line num="41" count="0" type="stmt"/>
            <line num="43" count="0" type="stmt"/>
            <line falsecount="0" truecount="0" num="43" type="cond"/>
            <line num="44" count="0" type="stmt"/>
            <line num="45" count="0" type="stmt"/>
            <line num="46" count="0" type="stmt"/>
            <line complexity="2" visibility="private" signature="undoUpdate__wrappee__BankAccount(int) : boolean" num="52" count="0" type="method"/>
            <line num="54" count="0" type="stmt"/>
            <line num="55" count="0" type="stmt"/>
            <line falsecount="0" truecount="0" num="55" type="cond"/>
            <line num="56" count="0" type="stmt"/>
            <line num="58" count="0" type="stmt"/>
            <line num="59" count="0" type="stmt"/>
            <line complexity="4" visibility="package" signature="undoUpdate(int) : boolean" num="66" count="0" type="method"/>
            <line num="67" count="0" type="stmt"/>
            <line num="68" count="0" type="stmt"/>
            <line falsecount="0" truecount="0" num="68" type="cond"/>
            <line num="69" count="0" type="stmt"/>
            <line num="70" count="0" type="stmt"/>
            <line falsecount="0" truecount="0" num="70" type="cond"/>
            <line num="71" count="0" type="stmt"/>
            <line num="73" count="0" type="stmt"/>
            <line falsecount="0" truecount="0" num="73" type="cond"/>
            <line num="74" count="0" type="stmt"/>
            <line num="75" count="0" type="stmt"/>
            <line num="76" count="0" type="stmt"/>
            <line complexity="1" visibility="package" signature="lock() : void" num="94" count="1" type="method"/>
            <line num="95" count="1" type="stmt"/>
            <line complexity="1" visibility="package" signature="unLock() : void" num="101" count="0" type="method"/>
            <line num="102" count="0" type="stmt"/>
            <line complexity="1" visibility="package" signature="isLocked() : boolean" num="108" count="1" type="method"/>
            <line num="109" count="1" type="stmt"/>
         </file>
         <file path="/home/hieuvd/spl_dataset_generation/InputPreparation/new_projects/4wise-BankAccountTP/mutated_projects/_MultipleBugs_.NOB_1.ID_112/variants/model_m_ca4_0007/src/Transaction.java" name="Transaction.java">
            <metrics coveredelements="8" coveredconditionals="2" complexity="8" loc="38" coveredmethods="2" methods="2" elements="34" classes="1" ncloc="29" statements="20" conditionals="12" coveredstatements="4"/>
            <class name="Transaction">
               <metrics coveredelements="8" coveredconditionals="2" complexity="8" coveredmethods="2" methods="2" elements="34" statements="20" conditionals="12" coveredstatements="4"/>
            </class>
            <line complexity="5" visibility="public" signature="transfer(Account,Account,int) : boolean" num="6" count="1" type="method"/>
            <line num="7" count="1" type="stmt"/>
            <line num="7" count="1" type="stmt"/>
            <line falsecount="0" truecount="1" num="7" type="cond"/>
            <line num="8" count="0" type="stmt"/>
            <line num="9" count="0" type="stmt"/>
            <line falsecount="0" truecount="0" num="9" type="cond"/>
            <line num="10" count="0" type="stmt"/>
            <line num="12" count="0" type="stmt"/>
            <line falsecount="0" truecount="0" num="12" type="cond"/>
            <line num="13" count="0" type="stmt"/>
            <line num="15" count="0" type="stmt"/>
            <line falsecount="0" truecount="0" num="15" type="cond"/>
            <line num="16" count="0" type="stmt"/>
            <line num="17" count="0" type="stmt"/>
            <line num="19" count="0" type="stmt"/>
            <line num="21" count="0" type="stmt"/>
            <line num="22" count="0" type="stmt"/>
            <line complexity="3" visibility="private" signature="lock(Account,Account) : boolean" num="29" count="1" type="method"/>
            <line num="30" count="1" type="stmt"/>
            <line num="30" count="1" type="stmt"/>
            <line falsecount="0" truecount="1" num="30" type="cond"/>
            <line num="31" count="0" type="stmt"/>
            <line num="31" count="0" type="stmt"/>
            <line falsecount="0" truecount="0" num="31" type="cond"/>
            <line num="32" count="0" type="stmt"/>
            <line num="33" count="0" type="stmt"/>
            <line num="34" count="0" type="stmt"/>
         </file>
         <file path="/home/hieuvd/spl_dataset_generation/InputPreparation/new_projects/4wise-BankAccountTP/mutated_projects/_MultipleBugs_.NOB_1.ID_112/variants/model_m_ca4_0007/src/Application.java" name="Application.java">
            <metrics coveredelements="0" coveredconditionals="0" complexity="3" loc="29" coveredmethods="0" methods="3" elements="5" classes="1" ncloc="13" statements="2" conditionals="0" coveredstatements="0"/>
            <class name="Application">
               <metrics coveredelements="0" coveredconditionals="0" complexity="3" coveredmethods="0" methods="3" elements="5" statements="2" conditionals="0" coveredstatements="0"/>
            </class>
            <line complexity="1" visibility="private" signature="nextDay__wrappee__BankAccount() : void" num="10" count="0" type="method"/>
            <line complexity="1" visibility="package" signature="nextDay() : void" num="17" count="0" type="method"/>
            <line num="18" count="0" type="stmt"/>
            <line num="19" count="0" type="stmt"/>
            <line complexity="1" visibility="package" signature="nextYear() : void" num="25" count="0" type="method"/>
         </file>
      </package>
   </project>
   <testproject timestamp="1613407435966">
      <metrics coveredelements="0" complexity="0" loc="0" methods="0" classes="0" statements="0" packages="0" coveredconditionals="0" coveredmethods="0" elements="0" ncloc="0" files="0" conditionals="0" coveredstatements="0"/>
   </testproject>
</coverage>