<?xml version="1.0" encoding="UTF-8"?>
<coverage generated="1613413488566" clover="4.4.1">
 <tests count="17">
  <test source="main.Application_ESTest.test0.coverage.xml" />
  <test source="main.Application_ESTest.test1.coverage.xml" />
  <test source="main.Account_ESTest.test07.coverage.xml" />
  <test source="main.Account_ESTest.test12.coverage.xml" />
  <test source="main.Account_ESTest.test00.coverage.xml" />
  <test source="main.Account_ESTest.test04.coverage.xml" />
  <test source="main.Application_ESTest.test3.coverage.xml" />
  <test source="main.Account_ESTest.test11.coverage.xml" />
  <test source="main.Account_ESTest.test10.coverage.xml" />
  <test source="main.Account_ESTest.test09.coverage.xml" />
  <test source="main.Account_ESTest.test05.coverage.xml" />
  <test source="main.Application_ESTest.test2.coverage.xml" />
  <test source="main.Account_ESTest.test01.coverage.xml" />
  <test source="main.Account_ESTest.test06.coverage.xml" />
  <test source="main.Account_ESTest.test13.coverage.xml" />
  <test source="main.Account_ESTest.test02.coverage.xml" />
  <test source="main.Account_ESTest.test03.coverage.xml" />
 </tests> 
 <project timestamp="1613413488300">  
  <package name="main">  
   <file path="Account.java" name="Account">   
    <line num="15" count="17" type="method" featureClass="BankAccount.Account" featureLineNum="7" /> 
    <line num="21" count="5" type="method" featureClass="BankAccount.Account" featureLineNum="10" /> 
    <line num="22" count="5" type="stmt" featureClass="BankAccount.Account" featureLineNum="11" /> 
    <line num="23" count="5" type="stmt" featureClass="BankAccount.Account" featureLineNum="12" />  
    <line num="24" count="1" type="stmt" featureClass="BankAccount.Account" featureLineNum="13" /> 
    <line num="25" count="4" type="stmt" featureClass="BankAccount.Account" featureLineNum="14" /> 
    <line num="26" count="4" type="stmt" featureClass="BankAccount.Account" featureLineNum="15" /> 
    <line num="32" count="5" type="method" featureClass="DailyLimit.Account" featureLineNum="14" /> 
    <line num="34" count="5" type="stmt" featureClass="DailyLimit.Account" featureLineNum="16" /> 
    <line num="35" count="5" type="stmt" featureClass="DailyLimit.Account" featureLineNum="17" />  
    <line num="36" count="2" type="stmt" featureClass="DailyLimit.Account" featureLineNum="18" /> 
    <line num="37" count="2" type="stmt" featureClass="DailyLimit.Account" featureLineNum="19" />  
    <line num="38" count="1" type="stmt" featureClass="DailyLimit.Account" featureLineNum="20" /> 
    <line num="41" count="5" type="stmt" featureClass="DailyLimit.Account" featureLineNum="23" />  
    <line num="42" count="1" type="stmt" featureClass="DailyLimit.Account" featureLineNum="24" /> 
    <line num="44" count="4" type="stmt" featureClass="DailyLimit.Account" featureLineNum="26" /> 
    <line num="45" count="4" type="stmt" featureClass="DailyLimit.Account" featureLineNum="27" /> 
    <line num="51" count="3" type="method" featureClass="BankAccount.Account" featureLineNum="18" /> 
    <line num="52" count="3" type="stmt" featureClass="BankAccount.Account" featureLineNum="19" /> 
    <line num="53" count="3" type="stmt" featureClass="BankAccount.Account" featureLineNum="20" />  
    <line num="54" count="0" type="stmt" featureClass="BankAccount.Account" featureLineNum="21" /> 
    <line num="55" count="3" type="stmt" featureClass="BankAccount.Account" featureLineNum="22" /> 
    <line num="56" count="3" type="stmt" featureClass="BankAccount.Account" featureLineNum="23" /> 
    <line num="62" count="4" type="method" featureClass="DailyLimit.Account" featureLineNum="30" /> 
    <line num="64" count="4" type="stmt" featureClass="DailyLimit.Account" featureLineNum="32" /> 
    <line num="65" count="4" type="stmt" featureClass="DailyLimit.Account" featureLineNum="33" buggy="true" />  
    <line num="66" count="1" type="stmt" featureClass="DailyLimit.Account" featureLineNum="34" /> 
    <line num="67" count="1" type="stmt" featureClass="DailyLimit.Account" featureLineNum="35" />  
    <line num="68" count="1" type="stmt" featureClass="DailyLimit.Account" featureLineNum="36" /> 
    <line num="71" count="3" type="stmt" featureClass="DailyLimit.Account" featureLineNum="39" />  
    <line num="72" count="0" type="stmt" featureClass="DailyLimit.Account" featureLineNum="40" /> 
    <line num="74" count="3" type="stmt" featureClass="DailyLimit.Account" featureLineNum="42" /> 
    <line num="75" count="3" type="stmt" featureClass="DailyLimit.Account" featureLineNum="43" /> 
    <line num="98" count="7" type="method" featureClass="Interest.Account" featureLineNum="9" /> 
    <line num="99" count="7" type="stmt" featureClass="Interest.Account" featureLineNum="10" /> 
    <line num="106" count="3" type="method" featureClass="InterestEstimation.Account" featureLineNum="5" /> 
    <line num="107" count="3" type="stmt" featureClass="InterestEstimation.Account" featureLineNum="6" /> 
   </file> 
   <file path="Application.java" name="Application">   
    <line num="10" count="2" type="method" featureClass="BankAccount.Application" featureLineNum="5" /> 
    <line num="17" count="2" type="method" featureClass="DailyLimit.Application" featureLineNum="5" /> 
    <line num="18" count="2" type="stmt" featureClass="DailyLimit.Application" featureLineNum="6" /> 
    <line num="19" count="2" type="stmt" featureClass="DailyLimit.Application" featureLineNum="7" /> 
    <line num="25" count="2" type="method" featureClass="Interest.Application" featureLineNum="4" /> 
    <line num="26" count="2" type="stmt" featureClass="Interest.Application" featureLineNum="5" /> 
    <line num="27" count="1" type="stmt" featureClass="Interest.Application" featureLineNum="6" /> 
    <line num="33" count="2" type="method" featureClass="BankAccount.Application" featureLineNum="8" /> 
    <line num="39" count="2" type="method" featureClass="Interest.Application" featureLineNum="9" /> 
    <line num="40" count="2" type="stmt" featureClass="Interest.Application" featureLineNum="10" /> 
    <line num="41" count="2" type="stmt" featureClass="Interest.Application" featureLineNum="11" /> 
    <line num="42" count="1" type="stmt" featureClass="Interest.Application" featureLineNum="12" /> 
   </file> 
  </package> 
 </project> 
 <testproject timestamp="1613413488300">  
 </testproject> 
</coverage>