<?xml version="1.0" encoding="UTF-8"?>
<coverage generated="1613415608022" clover="4.4.1">
   <project timestamp="1613415607934">
      <metrics coveredelements="24" complexity="31" loc="219" methods="17" classes="3" statements="60" packages="1" coveredconditionals="4" coveredmethods="6" elements="105" ncloc="122" files="3" conditionals="28" coveredstatements="14"/>
      <package name="main">
         <metrics coveredelements="24" complexity="31" loc="219" methods="17" classes="3" statements="60" coveredconditionals="4" coveredmethods="6" elements="105" ncloc="122" files="3" conditionals="28" coveredstatements="14"/>
         <file path="/home/hieuvd/spl_dataset_generation/InputPreparation/new_projects/4wise-BankAccountTP/mutated_projects/_MultipleBugs_.NOB_1.ID_271/variants/model_m_ca4_0020/src/Account.java" name="Account.java">
            <metrics coveredelements="7" coveredconditionals="0" complexity="18" loc="135" coveredmethods="4" methods="10" elements="59" classes="1" ncloc="71" statements="33" conditionals="16" coveredstatements="3"/>
            <class name="Account">
               <metrics coveredelements="7" coveredconditionals="0" complexity="18" coveredmethods="4" methods="10" elements="59" statements="33" conditionals="16" coveredstatements="3"/>
            </class>
            <line complexity="1" visibility="package" signature="Account()" num="14" count="1" type="method"/>
            <line complexity="2" visibility="private" signature="update__wrappee__BankAccount(int) : boolean" num="20" count="0" type="method"/>
            <line num="21" count="0" type="stmt"/>
            <line num="22" count="0" type="stmt"/>
            <line falsecount="0" truecount="0" num="22" type="cond"/>
            <line num="23" count="0" type="stmt"/>
            <line num="24" count="0" type="stmt"/>
            <line num="25" count="0" type="stmt"/>
            <line complexity="4" visibility="package" signature="update(int) : boolean" num="31" count="0" type="method"/>
            <line num="33" count="0" type="stmt"/>
            <line num="34" count="0" type="stmt"/>
            <line falsecount="0" truecount="0" num="34" type="cond"/>
            <line num="35" count="0" type="stmt"/>
            <line num="36" count="0" type="stmt"/>
            <line falsecount="0" truecount="0" num="36" type="cond"/>
            <line num="37" count="0" type="stmt"/>
            <line num="40" count="0" type="stmt"/>
            <line falsecount="0" truecount="0" num="40" type="cond"/>
            <line num="41" count="0" type="stmt"/>
            <line num="43" count="0" type="stmt"/>
            <line num="44" count="0" type="stmt"/>
            <line complexity="2" visibility="private" signature="undoUpdate__wrappee__BankAccount(int) : boolean" num="50" count="0" type="method"/>
            <line num="51" count="0" type="stmt"/>
            <line num="52" count="0" type="stmt"/>
            <line falsecount="0" truecount="0" num="52" type="cond"/>
            <line num="53" count="0" type="stmt"/>
            <line num="54" count="0" type="stmt"/>
            <line num="55" count="0" type="stmt"/>
            <line complexity="4" visibility="package" signature="undoUpdate(int) : boolean" num="61" count="0" type="method"/>
            <line num="63" count="0" type="stmt"/>
            <line num="64" count="0" type="stmt"/>
            <line falsecount="0" truecount="0" num="64" type="cond"/>
            <line num="65" count="0" type="stmt"/>
            <line num="66" count="0" type="stmt"/>
            <line falsecount="0" truecount="0" num="66" type="cond"/>
            <line num="67" count="0" type="stmt"/>
            <line num="70" count="0" type="stmt"/>
            <line falsecount="0" truecount="0" num="70" type="cond"/>
            <line num="71" count="0" type="stmt"/>
            <line num="73" count="0" type="stmt"/>
            <line num="74" count="0" type="stmt"/>
            <line complexity="1" visibility="package" signature="calculateInterest() : int" num="97" count="0" type="method"/>
            <line num="98" count="0" type="stmt"/>
            <line complexity="1" visibility="package" signature="credit(int) : boolean" num="105" count="0" type="method"/>
            <line num="106" count="0" type="stmt"/>
            <line complexity="1" visibility="package" signature="lock() : void" num="116" count="2" type="method"/>
            <line num="117" count="2" type="stmt"/>
            <line complexity="1" visibility="package" signature="unLock() : void" num="123" count="2" type="method"/>
            <line num="124" count="2" type="stmt"/>
            <line complexity="1" visibility="package" signature="isLocked() : boolean" num="130" count="2" type="method"/>
            <line num="131" count="2" type="stmt"/>
         </file>
         <file path="/home/hieuvd/spl_dataset_generation/InputPreparation/new_projects/4wise-BankAccountTP/mutated_projects/_MultipleBugs_.NOB_1.ID_271/variants/model_m_ca4_0020/src/Transaction.java" name="Transaction.java">
            <metrics coveredelements="17" coveredconditionals="4" complexity="8" loc="38" coveredmethods="2" methods="2" elements="34" classes="1" ncloc="29" statements="20" conditionals="12" coveredstatements="11"/>
            <class name="Transaction">
               <metrics coveredelements="17" coveredconditionals="4" complexity="8" coveredmethods="2" methods="2" elements="34" statements="20" conditionals="12" coveredstatements="11"/>
            </class>
            <line complexity="5" visibility="public" signature="transfer(Account,Account,int) : boolean" num="6" count="1" type="method"/>
            <line num="7" count="1" type="stmt"/>
            <line num="7" count="0" type="stmt"/>
            <line falsecount="1" truecount="0" num="7" type="cond"/>
            <line num="8" count="1" type="stmt"/>
            <line num="9" count="1" type="stmt"/>
            <line falsecount="0" truecount="1" num="9" type="cond"/>
            <line num="10" count="1" type="stmt"/>
            <line num="12" count="0" type="stmt"/>
            <line falsecount="0" truecount="0" num="12" type="cond"/>
            <line num="13" count="0" type="stmt"/>
            <line num="15" count="0" type="stmt"/>
            <line falsecount="0" truecount="0" num="15" type="cond"/>
            <line num="16" count="0" type="stmt"/>
            <line num="17" count="0" type="stmt"/>
            <line num="19" count="0" type="stmt"/>
            <line num="21" count="1" type="stmt"/>
            <line num="22" count="1" type="stmt"/>
            <line complexity="3" visibility="private" signature="lock(Account,Account) : boolean" num="29" count="1" type="method"/>
            <line num="30" count="1" type="stmt"/>
            <line num="30" count="0" type="stmt"/>
            <line falsecount="1" truecount="0" num="30" type="cond"/>
            <line num="31" count="1" type="stmt"/>
            <line num="31" count="0" type="stmt"/>
            <line falsecount="1" truecount="0" num="31" type="cond"/>
            <line num="32" count="1" type="stmt"/>
            <line num="33" count="1" type="stmt"/>
            <line num="34" count="1" type="stmt"/>
         </file>
         <file path="/home/hieuvd/spl_dataset_generation/InputPreparation/new_projects/4wise-BankAccountTP/mutated_projects/_MultipleBugs_.NOB_1.ID_271/variants/model_m_ca4_0020/src/Application.java" name="Application.java">
            <metrics coveredelements="0" coveredconditionals="0" complexity="5" loc="46" coveredmethods="0" methods="5" elements="12" classes="1" ncloc="22" statements="7" conditionals="0" coveredstatements="0"/>
            <class name="Application">
               <metrics coveredelements="0" coveredconditionals="0" complexity="5" coveredmethods="0" methods="5" elements="12" statements="7" conditionals="0" coveredstatements="0"/>
            </class>
            <line complexity="1" visibility="private" signature="nextDay__wrappee__BankAccount() : void" num="10" count="0" type="method"/>
            <line complexity="1" visibility="private" signature="nextDay__wrappee__DailyLimit() : void" num="17" count="0" type="method"/>
            <line num="18" count="0" type="stmt"/>
            <line num="19" count="0" type="stmt"/>
            <line complexity="1" visibility="package" signature="nextDay() : void" num="25" count="0" type="method"/>
            <line num="26" count="0" type="stmt"/>
            <line num="27" count="0" type="stmt"/>
            <line complexity="1" visibility="private" signature="nextYear__wrappee__BankAccount() : void" num="33" count="0" type="method"/>
            <line complexity="1" visibility="package" signature="nextYear() : void" num="39" count="0" type="method"/>
            <line num="40" count="0" type="stmt"/>
            <line num="41" count="0" type="stmt"/>
            <line num="42" count="0" type="stmt"/>
         </file>
      </package>
   </project>
   <testproject timestamp="1613415607934">
      <metrics coveredelements="0" complexity="0" loc="0" methods="0" classes="0" statements="0" packages="0" coveredconditionals="0" coveredmethods="0" elements="0" ncloc="0" files="0" conditionals="0" coveredstatements="0"/>
   </testproject>
</coverage>