<?xml version="1.0" encoding="UTF-8"?>
<coverage generated="1613405056620" clover="4.4.1">
   <project timestamp="1613405056513">
      <metrics coveredelements="3" complexity="19" loc="144" methods="11" classes="3" statements="34" packages="1" coveredconditionals="0" coveredmethods="2" elements="61" ncloc="80" files="3" conditionals="16" coveredstatements="1"/>
      <package name="main">
         <metrics coveredelements="3" complexity="19" loc="144" methods="11" classes="3" statements="34" coveredconditionals="0" coveredmethods="2" elements="61" ncloc="80" files="3" conditionals="16" coveredstatements="1"/>
         <file path="/home/hieuvd/spl_dataset_generation/InputPreparation/new_projects/4wise-BankAccountTP/mutated_projects/_MultipleBugs_.NOB_1.ID_14/variants/model_m_ca4_0022/src/Transaction.java" name="Transaction.java">
            <metrics coveredelements="0" coveredconditionals="0" complexity="8" loc="52" coveredmethods="0" methods="2" elements="34" classes="1" ncloc="38" statements="20" conditionals="12" coveredstatements="0"/>
            <class name="Transaction">
               <metrics coveredelements="0" coveredconditionals="0" complexity="8" coveredmethods="0" methods="2" elements="34" statements="20" conditionals="12" coveredstatements="0"/>
            </class>
            <line complexity="5" visibility="public" signature="transfer(Account,Account,int) : boolean" num="11" count="0" type="method"/>
            <line num="13" count="0" type="stmt"/>
            <line falsecount="0" truecount="0" num="13" type="cond"/>
            <line num="14" count="0" type="stmt"/>
            <line num="16" count="0" type="stmt"/>
            <line num="17" count="0" type="stmt"/>
            <line falsecount="0" truecount="0" num="17" type="cond"/>
            <line num="18" count="0" type="stmt"/>
            <line num="20" count="0" type="stmt"/>
            <line falsecount="0" truecount="0" num="20" type="cond"/>
            <line num="21" count="0" type="stmt"/>
            <line num="23" count="0" type="stmt"/>
            <line falsecount="0" truecount="0" num="23" type="cond"/>
            <line num="24" count="0" type="stmt"/>
            <line num="25" count="0" type="stmt"/>
            <line num="27" count="0" type="stmt"/>
            <line num="30" count="0" type="stmt"/>
            <line num="31" count="0" type="stmt"/>
            <line complexity="3" visibility="private" signature="lock(Account,Account) : boolean" num="38" count="0" type="method"/>
            <line num="40" count="0" type="stmt"/>
            <line falsecount="0" truecount="0" num="40" type="cond"/>
            <line num="41" count="0" type="stmt"/>
            <line num="43" count="0" type="stmt"/>
            <line falsecount="0" truecount="0" num="43" type="cond"/>
            <line num="44" count="0" type="stmt"/>
            <line num="46" count="0" type="stmt"/>
            <line num="47" count="0" type="stmt"/>
            <line num="48" count="0" type="stmt"/>
         </file>
         <file path="/home/hieuvd/spl_dataset_generation/InputPreparation/new_projects/4wise-BankAccountTP/mutated_projects/_MultipleBugs_.NOB_1.ID_14/variants/model_m_ca4_0022/src/Account.java" name="Account.java">
            <metrics coveredelements="3" coveredconditionals="0" complexity="9" loc="73" coveredmethods="2" methods="7" elements="25" classes="1" ncloc="34" statements="14" conditionals="4" coveredstatements="1"/>
            <class name="Account">
               <metrics coveredelements="3" coveredconditionals="0" complexity="9" coveredmethods="2" methods="7" elements="25" statements="14" conditionals="4" coveredstatements="1"/>
            </class>
            <line complexity="1" visibility="package" signature="Account()" num="14" count="1" type="method"/>
            <line complexity="2" visibility="package" signature="update(int) : boolean" num="20" count="0" type="method"/>
            <line num="21" count="0" type="stmt"/>
            <line num="22" count="0" type="stmt"/>
            <line falsecount="0" truecount="0" num="22" type="cond"/>
            <line num="23" count="0" type="stmt"/>
            <line num="24" count="0" type="stmt"/>
            <line num="25" count="0" type="stmt"/>
            <line complexity="2" visibility="package" signature="undoUpdate(int) : boolean" num="31" count="0" type="method"/>
            <line num="32" count="0" type="stmt"/>
            <line num="33" count="0" type="stmt"/>
            <line falsecount="0" truecount="0" num="33" type="cond"/>
            <line num="34" count="0" type="stmt"/>
            <line num="35" count="0" type="stmt"/>
            <line num="36" count="0" type="stmt"/>
            <line complexity="1" visibility="package" signature="credit(int) : boolean" num="43" count="1" type="method"/>
            <line num="44" count="1" type="stmt"/>
            <line complexity="1" visibility="package" signature="lock() : void" num="54" count="0" type="method"/>
            <line num="55" count="0" type="stmt"/>
            <line complexity="1" visibility="package" signature="unLock() : void" num="61" count="0" type="method"/>
            <line num="62" count="0" type="stmt"/>
            <line complexity="1" visibility="package" signature="isLocked() : boolean" num="68" count="0" type="method"/>
            <line num="69" count="0" type="stmt"/>
         </file>
         <file path="/home/hieuvd/spl_dataset_generation/InputPreparation/new_projects/4wise-BankAccountTP/mutated_projects/_MultipleBugs_.NOB_1.ID_14/variants/model_m_ca4_0022/src/Application.java" name="Application.java">
            <metrics coveredelements="0" coveredconditionals="0" complexity="2" loc="19" coveredmethods="0" methods="2" elements="2" classes="1" ncloc="8" statements="0" conditionals="0" coveredstatements="0"/>
            <class name="Application">
               <metrics coveredelements="0" coveredconditionals="0" complexity="2" coveredmethods="0" methods="2" elements="2" statements="0" conditionals="0" coveredstatements="0"/>
            </class>
            <line complexity="1" visibility="package" signature="nextDay() : void" num="9" count="0" type="method"/>
            <line complexity="1" visibility="package" signature="nextYear() : void" num="15" count="0" type="method"/>
         </file>
      </package>
   </project>
   <testproject timestamp="1613405056513">
      <metrics coveredelements="0" complexity="0" loc="0" methods="0" classes="0" statements="0" packages="0" coveredconditionals="0" coveredmethods="0" elements="0" ncloc="0" files="0" conditionals="0" coveredstatements="0"/>
   </testproject>
</coverage>