<?xml version="1.0" encoding="UTF-8"?>
<coverage generated="1613406057194" clover="4.4.1">
 <tests count="2">
  <test source="main.Account_ESTest.test10.coverage.xml" />
  <test source="main.Account_ESTest.test09.coverage.xml" />
 </tests> 
 <project timestamp="1613406057090">  
  <package name="main">  
   <file path="Account.java" name="Account">   
    <line num="22" count="2" type="method" featureClass="BankAccount.Account" featureLineNum="7" /> 
    <line num="28" count="0" type="method" featureClass="BankAccount.Account" featureLineNum="10" /> 
    <line num="29" count="0" type="stmt" featureClass="BankAccount.Account" featureLineNum="11" /> 
    <line num="30" count="0" type="stmt" featureClass="BankAccount.Account" featureLineNum="12" />  
    <line num="31" count="0" type="stmt" featureClass="BankAccount.Account" featureLineNum="13" /> 
    <line num="32" count="0" type="stmt" featureClass="BankAccount.Account" featureLineNum="14" /> 
    <line num="33" count="0" type="stmt" featureClass="BankAccount.Account" featureLineNum="15" /> 
    <line num="40" count="0" type="method" featureClass="DailyLimit.Account" featureLineNum="9" /> 
    <line num="41" count="0" type="stmt" featureClass="DailyLimit.Account" featureLineNum="10" /> 
    <line num="42" count="0" type="stmt" featureClass="DailyLimit.Account" featureLineNum="11" />  
    <line num="43" count="0" type="stmt" featureClass="DailyLimit.Account" featureLineNum="12" /> 
    <line num="44" count="0" type="stmt" featureClass="DailyLimit.Account" featureLineNum="13" />  
    <line num="45" count="0" type="stmt" featureClass="DailyLimit.Account" featureLineNum="14" /> 
    <line num="47" count="0" type="stmt" featureClass="DailyLimit.Account" featureLineNum="16" />  
    <line num="48" count="0" type="stmt" featureClass="DailyLimit.Account" featureLineNum="17" /> 
    <line num="49" count="0" type="stmt" featureClass="DailyLimit.Account" featureLineNum="18" /> 
    <line num="50" count="0" type="stmt" featureClass="DailyLimit.Account" featureLineNum="19" /> 
    <line num="56" count="0" type="method" featureClass="BankAccount.Account" featureLineNum="18" /> 
    <line num="57" count="0" type="stmt" featureClass="BankAccount.Account" featureLineNum="19" /> 
    <line num="58" count="0" type="stmt" featureClass="BankAccount.Account" featureLineNum="20" />  
    <line num="59" count="0" type="stmt" featureClass="BankAccount.Account" featureLineNum="21" /> 
    <line num="60" count="0" type="stmt" featureClass="BankAccount.Account" featureLineNum="22" /> 
    <line num="61" count="0" type="stmt" featureClass="BankAccount.Account" featureLineNum="23" /> 
    <line num="68" count="0" type="method" featureClass="DailyLimit.Account" featureLineNum="23" /> 
    <line num="69" count="0" type="stmt" featureClass="DailyLimit.Account" featureLineNum="24" /> 
    <line num="70" count="0" type="stmt" featureClass="DailyLimit.Account" featureLineNum="25" />  
    <line num="71" count="0" type="stmt" featureClass="DailyLimit.Account" featureLineNum="26" /> 
    <line num="72" count="0" type="stmt" featureClass="DailyLimit.Account" featureLineNum="27" />  
    <line num="73" count="0" type="stmt" featureClass="DailyLimit.Account" featureLineNum="28" /> 
    <line num="75" count="0" type="stmt" featureClass="DailyLimit.Account" featureLineNum="30" />  
    <line num="76" count="0" type="stmt" featureClass="DailyLimit.Account" featureLineNum="31" /> 
    <line num="77" count="0" type="stmt" featureClass="DailyLimit.Account" featureLineNum="32" /> 
    <line num="78" count="0" type="stmt" featureClass="DailyLimit.Account" featureLineNum="33" /> 
    <line num="101" count="0" type="method" featureClass="Interest.Account" featureLineNum="9" /> 
    <line num="102" count="0" type="stmt" featureClass="Interest.Account" featureLineNum="10" /> 
    <line num="108" count="2" type="method" featureClass="CreditWorthiness.Account" featureLineNum="10" /> 
    <line num="110" count="2" type="stmt" featureClass="CreditWorthiness.Account" featureLineNum="12" buggy="true" /> 
   </file> 
   <file path="Application.java" name="Application">   
    <line num="10" count="0" type="method" featureClass="BankAccount.Application" featureLineNum="5" /> 
    <line num="17" count="0" type="method" featureClass="DailyLimit.Application" featureLineNum="5" /> 
    <line num="18" count="0" type="stmt" featureClass="DailyLimit.Application" featureLineNum="6" /> 
    <line num="19" count="0" type="stmt" featureClass="DailyLimit.Application" featureLineNum="7" /> 
    <line num="25" count="0" type="method" featureClass="Interest.Application" featureLineNum="4" /> 
    <line num="26" count="0" type="stmt" featureClass="Interest.Application" featureLineNum="5" /> 
    <line num="27" count="0" type="stmt" featureClass="Interest.Application" featureLineNum="6" /> 
    <line num="33" count="0" type="method" featureClass="BankAccount.Application" featureLineNum="8" /> 
    <line num="39" count="0" type="method" featureClass="Interest.Application" featureLineNum="9" /> 
    <line num="40" count="0" type="stmt" featureClass="Interest.Application" featureLineNum="10" /> 
    <line num="41" count="0" type="stmt" featureClass="Interest.Application" featureLineNum="11" /> 
    <line num="42" count="0" type="stmt" featureClass="Interest.Application" featureLineNum="12" /> 
   </file> 
  </package> 
 </project> 
 <testproject timestamp="1613406057090">  
 </testproject> 
</coverage>