<?xml version="1.0" encoding="UTF-8"?>
<coverage generated="1613408578470" clover="4.4.1">
 <tests count="8">
  <test source="main.Account_ESTest.test4.coverage.xml" />
  <test source="main.Account_ESTest.test3.coverage.xml" />
  <test source="main.Account_ESTest.test1.coverage.xml" />
  <test source="main.Application_ESTest.test1.coverage.xml" />
  <test source="main.Account_ESTest.test5.coverage.xml" />
  <test source="main.Account_ESTest.test0.coverage.xml" />
  <test source="main.Application_ESTest.test0.coverage.xml" />
  <test source="main.Account_ESTest.test2.coverage.xml" />
 </tests> 
 <project timestamp="1613408578325">  
  <package name="main">  
   <file path="Application.java" name="Application">   
    <line num="9" count="1" type="method" featureClass="BankAccount.Application" featureLineNum="5" /> 
    <line num="15" count="1" type="method" featureClass="BankAccount.Application" featureLineNum="8" /> 
   </file> 
   <file path="Account.java" name="Account">   
    <line num="19" count="8" type="method" featureClass="BankAccount.Account" featureLineNum="14" /> 
    <line num="26" count="3" type="method" featureClass="BankAccount.Account" featureLineNum="18" /> 
    <line num="28" count="3" type="stmt" featureClass="BankAccount.Account" featureLineNum="20" /> 
    <line num="29" count="3" type="stmt" featureClass="BankAccount.Account" featureLineNum="21" />  
    <line num="30" count="1" type="stmt" featureClass="BankAccount.Account" featureLineNum="22" /> 
    <line num="32" count="2" type="stmt" featureClass="BankAccount.Account" featureLineNum="24" /> 
    <line num="33" count="2" type="stmt" featureClass="BankAccount.Account" featureLineNum="25" /> 
    <line num="39" count="3" type="method" featureClass="BankAccount.Account" featureLineNum="28" /> 
    <line num="41" count="3" type="stmt" featureClass="BankAccount.Account" featureLineNum="30" /> 
    <line num="42" count="3" type="stmt" featureClass="BankAccount.Account" featureLineNum="31" />  
    <line num="43" count="1" type="stmt" featureClass="BankAccount.Account" featureLineNum="32" /> 
    <line num="45" count="2" type="stmt" featureClass="BankAccount.Account" featureLineNum="34" buggy="true" /> 
    <line num="46" count="2" type="stmt" featureClass="BankAccount.Account" featureLineNum="35" /> 
   </file> 
  </package> 
 </project> 
 <testproject timestamp="1613408578325">  
 </testproject> 
</coverage>