<?xml version="1.0" encoding="UTF-8"?>
<coverage generated="1613414418900" clover="4.4.1">
 <tests count="1">
  <test source="main.Account_ESTest.test06.coverage.xml" />
 </tests> 
 <project timestamp="1613414418724">  
  <package name="main">  
   <file path="Account.java" name="Account">   
    <line num="14" count="1" type="method" featureClass="BankAccount.Account" featureLineNum="7" /> 
    <line num="20" count="0" type="method" featureClass="BankAccount.Account" featureLineNum="10" /> 
    <line num="21" count="0" type="stmt" featureClass="BankAccount.Account" featureLineNum="11" /> 
    <line num="22" count="0" type="stmt" featureClass="BankAccount.Account" featureLineNum="12" />  
    <line num="23" count="0" type="stmt" featureClass="BankAccount.Account" featureLineNum="13" /> 
    <line num="24" count="0" type="stmt" featureClass="BankAccount.Account" featureLineNum="14" /> 
    <line num="25" count="0" type="stmt" featureClass="BankAccount.Account" featureLineNum="15" /> 
    <line num="31" count="0" type="method" featureClass="DailyLimit.Account" featureLineNum="14" /> 
    <line num="33" count="0" type="stmt" featureClass="DailyLimit.Account" featureLineNum="16" /> 
    <line num="34" count="0" type="stmt" featureClass="DailyLimit.Account" featureLineNum="17" />  
    <line num="35" count="0" type="stmt" featureClass="DailyLimit.Account" featureLineNum="18" /> 
    <line num="36" count="0" type="stmt" featureClass="DailyLimit.Account" featureLineNum="19" />  
    <line num="37" count="0" type="stmt" featureClass="DailyLimit.Account" featureLineNum="20" /> 
    <line num="40" count="0" type="stmt" featureClass="DailyLimit.Account" featureLineNum="23" />  
    <line num="41" count="0" type="stmt" featureClass="DailyLimit.Account" featureLineNum="24" /> 
    <line num="43" count="0" type="stmt" featureClass="DailyLimit.Account" featureLineNum="26" /> 
    <line num="44" count="0" type="stmt" featureClass="DailyLimit.Account" featureLineNum="27" /> 
    <line num="50" count="1" type="method" featureClass="BankAccount.Account" featureLineNum="18" /> 
    <line num="51" count="1" type="stmt" featureClass="BankAccount.Account" featureLineNum="19" /> 
    <line num="52" count="1" type="stmt" featureClass="BankAccount.Account" featureLineNum="20" />  
    <line num="53" count="0" type="stmt" featureClass="BankAccount.Account" featureLineNum="21" /> 
    <line num="54" count="1" type="stmt" featureClass="BankAccount.Account" featureLineNum="22" /> 
    <line num="55" count="1" type="stmt" featureClass="BankAccount.Account" featureLineNum="23" /> 
    <line num="61" count="1" type="method" featureClass="DailyLimit.Account" featureLineNum="30" /> 
    <line num="63" count="1" type="stmt" featureClass="DailyLimit.Account" featureLineNum="32" /> 
    <line num="64" count="1" type="stmt" featureClass="DailyLimit.Account" featureLineNum="33" />  
    <line num="65" count="1" type="stmt" featureClass="DailyLimit.Account" featureLineNum="34" /> 
    <line num="66" count="1" type="stmt" featureClass="DailyLimit.Account" featureLineNum="35" buggy="true" />  
    <line num="67" count="0" type="stmt" featureClass="DailyLimit.Account" featureLineNum="36" /> 
    <line num="70" count="1" type="stmt" featureClass="DailyLimit.Account" featureLineNum="39" />  
    <line num="71" count="0" type="stmt" featureClass="DailyLimit.Account" featureLineNum="40" /> 
    <line num="73" count="1" type="stmt" featureClass="DailyLimit.Account" featureLineNum="42" /> 
    <line num="74" count="1" type="stmt" featureClass="DailyLimit.Account" featureLineNum="43" /> 
    <line num="89" count="0" type="method" featureClass="CreditWorthiness.Account" featureLineNum="5" /> 
    <line num="90" count="0" type="stmt" featureClass="CreditWorthiness.Account" featureLineNum="6" /> 
    <line num="100" count="0" type="method" featureClass="Lock.Account" featureLineNum="7" /> 
    <line num="101" count="0" type="stmt" featureClass="Lock.Account" featureLineNum="8" /> 
    <line num="107" count="0" type="method" featureClass="Lock.Account" featureLineNum="11" /> 
    <line num="108" count="0" type="stmt" featureClass="Lock.Account" featureLineNum="12" /> 
    <line num="114" count="0" type="method" featureClass="Lock.Account" featureLineNum="15" /> 
    <line num="115" count="0" type="stmt" featureClass="Lock.Account" featureLineNum="16" /> 
   </file> 
   <file path="Application.java" name="Application">   
    <line num="10" count="0" type="method" featureClass="BankAccount.Application" featureLineNum="5" /> 
    <line num="17" count="0" type="method" featureClass="DailyLimit.Application" featureLineNum="5" /> 
    <line num="18" count="0" type="stmt" featureClass="DailyLimit.Application" featureLineNum="6" /> 
    <line num="19" count="0" type="stmt" featureClass="DailyLimit.Application" featureLineNum="7" /> 
    <line num="25" count="0" type="method" featureClass="BankAccount.Application" featureLineNum="8" /> 
   </file> 
  </package> 
 </project> 
 <testproject timestamp="1613414418724">  
 </testproject> 
</coverage>